#
# There is insufficient memory for the Java Runtime Environment to continue.
# Native memory allocation (malloc) failed to allocate 32784 bytes. Error detail: Chunk::new
# Possible reasons:
#   The system is out of physical RAM or swap space
#   This process is running with CompressedOops enabled, and the Java Heap may be blocking the growth of the native heap
# Possible solutions:
#   Reduce memory load on the system
#   Increase physical memory or swap space
#   Check if swap backing store is full
#   Decrease Java heap size (-Xmx/-Xms)
#   Decrease number of Java threads
#   Decrease Java thread stack sizes (-Xss)
#   Set larger code cache with -XX:ReservedCodeCacheSize=
#   JVM is running with Unscaled Compressed Oops mode in which the Java heap is
#     placed in the first 4GB address space. The Java Heap base address is the
#     maximum limit for the native heap growth. Please use -XX:HeapBaseMinAddress
#     to set the Java Heap base and to place the Java Heap above 4GB virtual address.
# This output file may be truncated or incomplete.
#
#  Out of Memory Error (arena.cpp:168), pid=21920, tid=21604
#
# JRE version: OpenJDK Runtime Environment Temurin-21.0.10+7 (21.0.10+7) (build 21.0.10+7-LTS)
# Java VM: OpenJDK 64-Bit Server VM Temurin-21.0.10+7 (21.0.10+7-LTS, mixed mode, sharing, tiered, compressed oops, compressed class ptrs, parallel gc, windows-amd64)
# No core dump will be written. Minidumps are not enabled by default on client versions of Windows
#

---------------  S U M M A R Y ------------

Command Line: --add-modules=ALL-SYSTEM --add-opens=java.base/java.util=ALL-UNNAMED --add-opens=java.base/java.lang=ALL-UNNAMED --add-opens=java.base/sun.nio.fs=ALL-UNNAMED -Declipse.application=org.eclipse.jdt.ls.core.id1 -Dosgi.bundles.defaultStartLevel=4 -Declipse.product=org.eclipse.jdt.ls.core.product -Djava.import.generatesMetadataFilesAtProjectRoot=false -DDetectVMInstallationsJob.disabled=true -Dfile.encoding=utf8 -XX:+UseParallelGC -XX:GCTimeRatio=4 -XX:AdaptiveSizePolicyWeight=90 -Dsun.zip.disableMemoryMapping=true -Xmx2G -Xms100m -Xlog:disable -javaagent:c:\Users\loves\.vscode\extensions\redhat.java-1.54.0-win32-x64\lombok\lombok-1.18.39-4050.jar c:\Users\loves\.vscode\extensions\redhat.java-1.54.0-win32-x64\server\plugins\org.eclipse.equinox.launcher_1.7.100.v20251111-0406.jar -configuration c:\Users\loves\AppData\Roaming\Code\User\globalStorage\redhat.java\1.54.0\config_ss_win -data c:\Users\loves\AppData\Roaming\Code\User\workspaceStorage\27a697cad41ced2789a17db93756bb3b\redhat.java\ss_ws --pipe=\\.\pipe\lsp-dbc2f627eafb857561ceb884a74af3a6-sock

Host: 12th Gen Intel(R) Core(TM) i5-1235U, 12 cores, 7G,  Windows 11 , 64 bit Build 26100 (10.0.26100.8328)
Time: Tue Jun  9 23:11:16 2026 India Standard Time elapsed time: 1.137352 seconds (0d 0h 0m 1s)

---------------  T H R E A D  ---------------

Current thread (0x0000029c7d147b70):  JavaThread "C2 CompilerThread1" daemon [_thread_in_native, id=21604, stack(0x000000f1e3500000,0x000000f1e3600000) (1024K)]


Current CompileTask:
C2:1137  666       4       lombok.patcher.scripts.MethodLevelPatchScript::patch (21 bytes)

Stack: [0x000000f1e3500000,0x000000f1e3600000]
Native frames: (J=compiled Java code, j=interpreted, Vv=VM code, C=native code)
V  [jvm.dll+0x6d7a39]
V  [jvm.dll+0x8b4b26]
V  [jvm.dll+0x8b70de]
V  [jvm.dll+0x8b77c3]
V  [jvm.dll+0x284346]
V  [jvm.dll+0xc66ed]
V  [jvm.dll+0xc6c31]
V  [jvm.dll+0xd26cd]
V  [jvm.dll+0x5fea9f]
V  [jvm.dll+0x255b17]
V  [jvm.dll+0x255edd]
V  [jvm.dll+0x24e500]
V  [jvm.dll+0x24ba42]
V  [jvm.dll+0x1cb34e]
V  [jvm.dll+0x25b85d]
V  [jvm.dll+0x259dea]
V  [jvm.dll+0x3f857e]
V  [jvm.dll+0x85f59d]
V  [jvm.dll+0x6d626d]
C  [ucrtbase.dll+0x37b0]
C  [KERNEL32.DLL+0x2e957]
C  [ntdll.dll+0x427c]


---------------  P R O C E S S  ---------------

Threads class SMR info:
_java_thread_list=0x0000029c7d1801d0, length=13, elements={
0x0000029c23f6d1b0, 0x0000029c2400f190, 0x0000029c24010260, 0x0000029c2401e210,
0x0000029c2401eef0, 0x0000029c240216d0, 0x0000029c24025fa0, 0x0000029c2402d650,
0x0000029c2402e7b0, 0x0000029c7d034260, 0x0000029c7d11e410, 0x0000029c7d147b70,
0x0000029c7e053070
}

Java Threads: ( => current thread )
  0x0000029c23f6d1b0 JavaThread "main"                              [_thread_in_vm, id=11096, stack(0x000000f1e2700000,0x000000f1e2800000) (1024K)]
  0x0000029c2400f190 JavaThread "Reference Handler"          daemon [_thread_blocked, id=22256, stack(0x000000f1e2b00000,0x000000f1e2c00000) (1024K)]
  0x0000029c24010260 JavaThread "Finalizer"                  daemon [_thread_blocked, id=19544, stack(0x000000f1e2c00000,0x000000f1e2d00000) (1024K)]
  0x0000029c2401e210 JavaThread "Signal Dispatcher"          daemon [_thread_blocked, id=10548, stack(0x000000f1e2d00000,0x000000f1e2e00000) (1024K)]
  0x0000029c2401eef0 JavaThread "Attach Listener"            daemon [_thread_blocked, id=9948, stack(0x000000f1e2e00000,0x000000f1e2f00000) (1024K)]
  0x0000029c240216d0 JavaThread "Service Thread"             daemon [_thread_blocked, id=20752, stack(0x000000f1e2f00000,0x000000f1e3000000) (1024K)]
  0x0000029c24025fa0 JavaThread "Monitor Deflation Thread"   daemon [_thread_blocked, id=8384, stack(0x000000f1e3000000,0x000000f1e3100000) (1024K)]
  0x0000029c2402d650 JavaThread "C2 CompilerThread0"         daemon [_thread_in_native, id=2456, stack(0x000000f1e3100000,0x000000f1e3200000) (1024K)]
  0x0000029c2402e7b0 JavaThread "C1 CompilerThread0"         daemon [_thread_in_native, id=20660, stack(0x000000f1e3200000,0x000000f1e3300000) (1024K)]
  0x0000029c7d034260 JavaThread "Common-Cleaner"             daemon [_thread_blocked, id=14992, stack(0x000000f1e3300000,0x000000f1e3400000) (1024K)]
  0x0000029c7d11e410 JavaThread "Notification Thread"        daemon [_thread_blocked, id=15336, stack(0x000000f1e3400000,0x000000f1e3500000) (1024K)]
=>0x0000029c7d147b70 JavaThread "C2 CompilerThread1"         daemon [_thread_in_native, id=21604, stack(0x000000f1e3500000,0x000000f1e3600000) (1024K)]
  0x0000029c7e053070 JavaThread "C2 CompilerThread2"         daemon [_thread_in_native, id=2836, stack(0x000000f1e3600000,0x000000f1e3700000) (1024K)]
Total: 13

Other Threads:
  0x0000029c3aa04950 VMThread "VM Thread"                           [id=22260, stack(0x000000f1e2a00000,0x000000f1e2b00000) (1024K)]
  0x0000029c3a8fba00 WatcherThread "VM Periodic Task Thread"        [id=15600, stack(0x000000f1e2900000,0x000000f1e2a00000) (1024K)]
  0x0000029c23f8b690 WorkerThread "GC Thread#0"                     [id=8424, stack(0x000000f1e2800000,0x000000f1e2900000) (1024K)]
Total: 3

Threads with active compile tasks:
C2 CompilerThread0  1187  713       4       lombok.patcher.PatchScript::classMatches (41 bytes)
C1 CompilerThread0  1187  816       3       java.lang.StringBuilder::append (8 bytes)
C2 CompilerThread1  1187  666       4       lombok.patcher.scripts.MethodLevelPatchScript::patch (21 bytes)
C2 CompilerThread2  1187  818       4       java.lang.String::substring (58 bytes)
Total: 4

VM state: not at safepoint (normal execution)

VM Mutex/Monitor currently owned by a thread: None

Heap address: 0x0000000080000000, size: 2048 MB, Compressed Oops mode: 32-bit

CDS archive(s) mapped at: [0x0000029c3b000000-0x0000029c3bba0000-0x0000029c3bba0000), size 12189696, SharedBaseAddress: 0x0000029c3b000000, ArchiveRelocationMode: 1.
Compressed class space mapped at: 0x0000029c3c000000-0x0000029c7c000000, reserved size: 1073741824
Narrow klass base: 0x0000029c3b000000, Narrow klass shift: 0, Narrow klass range: 0x100000000

GC Precious Log:
 CardTable entry size: 512
 CPUs: 12 total, 12 available
 Memory: 7876M
 Large Page Support: Disabled
 NUMA Support: Disabled
 Compressed Oops: Enabled (32-bit)
 Alignments: Space 512K, Generation 512K, Heap 2M
 Heap Min Capacity: 100M
 Heap Initial Capacity: 100M
 Heap Max Capacity: 2G
 Pre-touch: Disabled
 Parallel Workers: 10

Heap:
 PSYoungGen      total 29696K, used 16079K [0x00000000d5580000, 0x00000000d7680000, 0x0000000100000000)
  eden space 25600K, 62% used [0x00000000d5580000,0x00000000d6533ff0,0x00000000d6e80000)
  from space 4096K, 0% used [0x00000000d7280000,0x00000000d7280000,0x00000000d7680000)
  to   space 4096K, 0% used [0x00000000d6e80000,0x00000000d6e80000,0x00000000d7280000)
 ParOldGen       total 68608K, used 0K [0x0000000080000000, 0x0000000084300000, 0x00000000d5580000)
  object space 68608K, 0% used [0x0000000080000000,0x0000000080000000,0x0000000084300000)
 Metaspace       used 3139K, committed 3392K, reserved 1114112K
  class space    used 324K, committed 448K, reserved 1048576K

Card table byte_map: [0x0000029c23910000,0x0000029c23d20000] _byte_map_base: 0x0000029c23510000

Marking Bits: (ParMarkBitMap*) 0x00007ffb2ce33450
 Begin Bits: [0x0000029c36420000, 0x0000029c38420000)
 End Bits:   [0x0000029c38420000, 0x0000029c3a420000)

Polling page: 0x0000029c21be0000

Metaspace:

Usage:
  Non-class:      2.75 MB used.
      Class:    324.30 KB used.
       Both:      3.07 MB used.

Virtual space:
  Non-class space:       64.00 MB reserved,       2.88 MB (  4%) committed,  1 nodes.
      Class space:        1.00 GB reserved,     448.00 KB ( <1%) committed,  1 nodes.
             Both:        1.06 GB reserved,       3.31 MB ( <1%) committed. 

Chunk freelists:
   Non-Class:  11.54 MB
       Class:  15.52 MB
        Both:  27.07 MB

MaxMetaspaceSize: unlimited
CompressedClassSpaceSize: 1.00 GB
Initial GC threshold: 21.00 MB
Current GC threshold: 21.00 MB
CDS: on
 - commit_granule_bytes: 65536.
 - commit_granule_words: 8192.
 - virtual_space_node_default_size: 8388608.
 - enlarge_chunks_in_place: 1.
 - use_allocation_guard: 0.


Internal statistics:

num_allocs_failed_limit: 0.
num_arena_births: 112.
num_arena_deaths: 0.
num_vsnodes_births: 2.
num_vsnodes_deaths: 0.
num_space_committed: 53.
num_space_uncommitted: 0.
num_chunks_returned_to_freelist: 0.
num_chunks_taken_from_freelist: 141.
num_chunk_merges: 0.
num_chunk_splits: 97.
num_chunks_enlarged: 60.
num_inconsistent_stats: 0.

CodeHeap 'non-profiled nmethods': size=120000Kb used=311Kb max_used=311Kb free=119688Kb
 bounds [0x0000029c2ec40000, 0x0000029c2eeb0000, 0x0000029c36170000]
CodeHeap 'profiled nmethods': size=120000Kb used=1260Kb max_used=1260Kb free=118739Kb
 bounds [0x0000029c27170000, 0x0000029c273e0000, 0x0000029c2e6a0000]
CodeHeap 'non-nmethods': size=5760Kb used=1187Kb max_used=1209Kb free=4572Kb
 bounds [0x0000029c2e6a0000, 0x0000029c2e910000, 0x0000029c2ec40000]
CodeCache: size=245760Kb, used=2758Kb, max_used=2780Kb, free=242999Kb
 total_blobs=1261, nmethods=814, adapters=354, full_count=0
Compilation: enabled, stopped_count=0, restarted_count=0

Compilation events (20 events):
Event: 1.060 Thread 0x0000029c2402e7b0 nmethod 703 0x0000029c27278790 code [0x0000029c27278940, 0x0000029c27278a88]
Event: 1.060 Thread 0x0000029c2402e7b0  704       3       java.lang.invoke.VarHandleGuards::guard_LI_I (78 bytes)
Event: 1.063 Thread 0x0000029c2402e7b0 nmethod 704 0x0000029c27278b90 code [0x0000029c27278ec0, 0x0000029c2727a758]
Event: 1.064 Thread 0x0000029c2402e7b0  705       3       java.lang.invoke.VarHandleByteArrayAsInts$ArrayHandle::get (36 bytes)
Event: 1.065 Thread 0x0000029c2402e7b0 nmethod 705 0x0000029c2727af10 code [0x0000029c2727b0e0, 0x0000029c2727b4b8]
Event: 1.065 Thread 0x0000029c2402e7b0  699       1       java.lang.invoke.MethodHandleImpl::isCompileConstant (2 bytes)
Event: 1.065 Thread 0x0000029c2402e7b0 nmethod 699 0x0000029c2ec7ef90 code [0x0000029c2ec7f120, 0x0000029c2ec7f1c8]
Event: 1.068 Thread 0x0000029c2402d650 nmethod 667 0x0000029c2ec7f290 code [0x0000029c2ec7f440, 0x0000029c2ec7f700]
Event: 1.068 Thread 0x0000029c2402d650  672       4       java.lang.AbstractStringBuilder::isLatin1 (19 bytes)
Event: 1.069 Thread 0x0000029c2402d650 nmethod 672 0x0000029c2ec7f890 code [0x0000029c2ec7fa20, 0x0000029c2ec7fad0]
Event: 1.070 Thread 0x0000029c7e053070 nmethod 706 0x0000029c2ec7fb90 code [0x0000029c2ec7fd20, 0x0000029c2ec7ff70]
Event: 1.070 Thread 0x0000029c7e053070  708       4       java.math.BigInteger::mulAdd (19 bytes)
Event: 1.070 Thread 0x0000029c2402d650  709       4       java.math.BigInteger::implMulAddCheck (176 bytes)
Event: 1.071 Thread 0x0000029c2402e7b0  711   !   3       java.lang.String::<init> (880 bytes)
Event: 1.072 Thread 0x0000029c2402d650 nmethod 709 0x0000029c2ec80090 code [0x0000029c2ec80220, 0x0000029c2ec80358]
Event: 1.072 Thread 0x0000029c2402d650  710       4       java.math.BigInteger::addOne (77 bytes)
Event: 1.072 Thread 0x0000029c7e053070 nmethod 708 0x0000029c2ec80490 code [0x0000029c2ec80620, 0x0000029c2ec807d0]
Event: 1.072 Thread 0x0000029c7e053070  693       4       java.lang.CharacterDataLatin1::getProperties (11 bytes)
Event: 1.073 Thread 0x0000029c7e053070 nmethod 693 0x0000029c2ec80990 code [0x0000029c2ec80b20, 0x0000029c2ec80bd8]
Event: 1.074 Thread 0x0000029c2402d650 nmethod 710 0x0000029c2ec80c90 code [0x0000029c2ec80e20, 0x0000029c2ec80f90]

GC Heap History (0 events):
No events

Dll operation events (8 events):
Event: 0.026 Loaded shared library c:\Users\loves\.vscode\extensions\redhat.java-1.54.0-win32-x64\jre\21.0.10-win32-x86_64\bin\java.dll
Event: 0.137 Loaded shared library c:\Users\loves\.vscode\extensions\redhat.java-1.54.0-win32-x64\jre\21.0.10-win32-x86_64\bin\zip.dll
Event: 0.192 Loaded shared library C:\Users\loves\.vscode\extensions\redhat.java-1.54.0-win32-x64\jre\21.0.10-win32-x86_64\bin\instrument.dll
Event: 0.206 Loaded shared library C:\Users\loves\.vscode\extensions\redhat.java-1.54.0-win32-x64\jre\21.0.10-win32-x86_64\bin\net.dll
Event: 0.215 Loaded shared library C:\Users\loves\.vscode\extensions\redhat.java-1.54.0-win32-x64\jre\21.0.10-win32-x86_64\bin\nio.dll
Event: 0.224 Loaded shared library C:\Users\loves\.vscode\extensions\redhat.java-1.54.0-win32-x64\jre\21.0.10-win32-x86_64\bin\zip.dll
Event: 0.271 Loaded shared library C:\Users\loves\.vscode\extensions\redhat.java-1.54.0-win32-x64\jre\21.0.10-win32-x86_64\bin\jimage.dll
Event: 0.454 Loaded shared library c:\Users\loves\.vscode\extensions\redhat.java-1.54.0-win32-x64\jre\21.0.10-win32-x86_64\bin\verify.dll

Deoptimization events (20 events):
Event: 1.067 Thread 0x0000029c23f6d1b0 DEOPT PACKING pc=0x0000029c27270104 sp=0x000000f1e27fd780
Event: 1.067 Thread 0x0000029c23f6d1b0 DEOPT UNPACKING pc=0x0000029c2e6f4242 sp=0x000000f1e27fcbd8 mode 0
Event: 1.067 Thread 0x0000029c23f6d1b0 DEOPT PACKING pc=0x0000029c27270104 sp=0x000000f1e27fd810
Event: 1.067 Thread 0x0000029c23f6d1b0 DEOPT UNPACKING pc=0x0000029c2e6f4242 sp=0x000000f1e27fcc68 mode 0
Event: 1.067 Thread 0x0000029c23f6d1b0 DEOPT PACKING pc=0x0000029c27270104 sp=0x000000f1e27fd810
Event: 1.067 Thread 0x0000029c23f6d1b0 DEOPT UNPACKING pc=0x0000029c2e6f4242 sp=0x000000f1e27fcc68 mode 0
Event: 1.067 Thread 0x0000029c23f6d1b0 DEOPT PACKING pc=0x0000029c27270104 sp=0x000000f1e27fd780
Event: 1.067 Thread 0x0000029c23f6d1b0 DEOPT UNPACKING pc=0x0000029c2e6f4242 sp=0x000000f1e27fcbd8 mode 0
Event: 1.068 Thread 0x0000029c23f6d1b0 DEOPT PACKING pc=0x0000029c27270104 sp=0x000000f1e27fd810
Event: 1.068 Thread 0x0000029c23f6d1b0 DEOPT UNPACKING pc=0x0000029c2e6f4242 sp=0x000000f1e27fcc68 mode 0
Event: 1.068 Thread 0x0000029c23f6d1b0 DEOPT PACKING pc=0x0000029c27270104 sp=0x000000f1e27fd810
Event: 1.068 Thread 0x0000029c23f6d1b0 DEOPT UNPACKING pc=0x0000029c2e6f4242 sp=0x000000f1e27fcc68 mode 0
Event: 1.069 Thread 0x0000029c23f6d1b0 DEOPT PACKING pc=0x0000029c27270104 sp=0x000000f1e27fd800
Event: 1.069 Thread 0x0000029c23f6d1b0 DEOPT UNPACKING pc=0x0000029c2e6f4242 sp=0x000000f1e27fcc58 mode 0
Event: 1.069 Thread 0x0000029c23f6d1b0 DEOPT PACKING pc=0x0000029c27270104 sp=0x000000f1e27fd800
Event: 1.069 Thread 0x0000029c23f6d1b0 DEOPT UNPACKING pc=0x0000029c2e6f4242 sp=0x000000f1e27fcc58 mode 0
Event: 1.069 Thread 0x0000029c23f6d1b0 DEOPT PACKING pc=0x0000029c27270104 sp=0x000000f1e27fd920
Event: 1.069 Thread 0x0000029c23f6d1b0 DEOPT UNPACKING pc=0x0000029c2e6f4242 sp=0x000000f1e27fcd78 mode 0
Event: 1.069 Thread 0x0000029c23f6d1b0 DEOPT PACKING pc=0x0000029c27270104 sp=0x000000f1e27fd920
Event: 1.069 Thread 0x0000029c23f6d1b0 DEOPT UNPACKING pc=0x0000029c2e6f4242 sp=0x000000f1e27fcd78 mode 0

Classes loaded (20 events):
Event: 1.052 Loading class sun/security/timestamp/TimestampToken
Event: 1.052 Loading class sun/security/timestamp/TimestampToken done
Event: 1.054 Loading class java/security/Timestamp
Event: 1.054 Loading class java/security/Timestamp done
Event: 1.071 Loading class java/security/CodeSigner
Event: 1.072 Loading class java/security/CodeSigner done
Event: 1.072 Loading class sun/security/util/JarConstraintsParameters
Event: 1.073 Loading class sun/security/util/ConstraintsParameters
Event: 1.073 Loading class sun/security/util/ConstraintsParameters done
Event: 1.073 Loading class sun/security/util/JarConstraintsParameters done
Event: 1.074 Loading class java/security/interfaces/ECKey
Event: 1.075 Loading class java/security/interfaces/ECKey done
Event: 1.075 Loading class java/security/interfaces/XECKey
Event: 1.075 Loading class java/security/interfaces/XECKey done
Event: 1.075 Loading class sun/security/util/KeyUtil
Event: 1.076 Loading class sun/security/util/KeyUtil done
Event: 1.076 Loading class sun/security/util/Length
Event: 1.076 Loading class sun/security/util/Length done
Event: 1.076 Loading class javax/crypto/SecretKey
Event: 1.076 Loading class javax/crypto/SecretKey done

Classes unloaded (0 events):
No events

Classes redefined (0 events):
No events

Internal exceptions (12 events):
Event: 0.129 Thread 0x0000029c23f6d1b0 Exception <a 'java/lang/NoSuchMethodError'{0x00000000d57a90e0}: 'void java.lang.invoke.DirectMethodHandle$Holder.invokeStatic(java.lang.Object, java.lang.Object, java.lang.Object)'> (0x00000000d57a90e0) 
thrown [s\src\hotspot\share\interpreter\linkResolver.cpp, line 773]
Event: 0.254 Thread 0x0000029c23f6d1b0 Exception <a 'java/lang/NoSuchMethodError'{0x00000000d5911fe0}: 'java.lang.Object java.lang.invoke.Invokers$Holder.invokeExact_MT(java.lang.Object, java.lang.Object, java.lang.Object, java.lang.Object, java.lang.Object)'> (0x00000000d5911fe0) 
thrown [s\src\hotspot\share\interpreter\linkResolver.cpp, line 773]
Event: 0.350 Thread 0x0000029c23f6d1b0 Exception <a 'java/lang/NoSuchMethodError'{0x00000000d59ca200}: 'int java.lang.invoke.DirectMethodHandle$Holder.invokeSpecial(java.lang.Object, java.lang.Object, java.lang.Object, int)'> (0x00000000d59ca200) 
thrown [s\src\hotspot\share\interpreter\linkResolver.cpp, line 773]
Event: 0.356 Thread 0x0000029c23f6d1b0 Exception <a 'java/lang/NoSuchMethodError'{0x00000000d59dcbe8}: 'java.lang.Object java.lang.invoke.DirectMethodHandle$Holder.invokeStatic(java.lang.Object, java.lang.Object, java.lang.Object, java.lang.Object, int)'> (0x00000000d59dcbe8) 
thrown [s\src\hotspot\share\interpreter\linkResolver.cpp, line 773]
Event: 0.363 Thread 0x0000029c23f6d1b0 Exception <a 'java/lang/NoSuchMethodError'{0x00000000d59e8028}: 'void java.lang.invoke.DelegatingMethodHandle$Holder.reinvoke_L(java.lang.Object, java.lang.Object, java.lang.Object, int, java.lang.Object)'> (0x00000000d59e8028) 
thrown [s\src\hotspot\share\interpreter\linkResolver.cpp, line 773]
Event: 0.370 Thread 0x0000029c23f6d1b0 Exception <a 'java/lang/NoSuchMethodError'{0x00000000d59f8978}: 'int java.lang.invoke.DirectMethodHandle$Holder.invokeSpecial(java.lang.Object, java.lang.Object, java.lang.Object)'> (0x00000000d59f8978) 
thrown [s\src\hotspot\share\interpreter\linkResolver.cpp, line 773]
Event: 0.378 Thread 0x0000029c23f6d1b0 Exception <a 'java/lang/NoSuchMethodError'{0x00000000d5a04638}: 'java.lang.Object java.lang.invoke.DirectMethodHandle$Holder.invokeStatic(java.lang.Object, java.lang.Object, int)'> (0x00000000d5a04638) 
thrown [s\src\hotspot\share\interpreter\linkResolver.cpp, line 773]
Event: 0.380 Thread 0x0000029c23f6d1b0 Exception <a 'java/lang/NoSuchMethodError'{0x00000000d5a08f88}: 'void java.lang.invoke.DirectMethodHandle$Holder.invokeStatic(java.lang.Object, java.lang.Object, int, java.lang.Object)'> (0x00000000d5a08f88) 
thrown [s\src\hotspot\share\interpreter\linkResolver.cpp, line 773]
Event: 0.381 Thread 0x0000029c23f6d1b0 Exception <a 'java/lang/NoSuchMethodError'{0x00000000d5a0cb18}: 'void java.lang.invoke.DirectMethodHandle$Holder.invokeSpecial(java.lang.Object, java.lang.Object, java.lang.Object, int, java.lang.Object)'> (0x00000000d5a0cb18) 
thrown [s\src\hotspot\share\interpreter\linkResolver.cpp, line 773]
Event: 0.383 Thread 0x0000029c23f6d1b0 Exception <a 'java/lang/NoSuchMethodError'{0x00000000d5a0ff88}: 'void java.lang.invoke.DelegatingMethodHandle$Holder.delegate(java.lang.Object, java.lang.Object, int, java.lang.Object)'> (0x00000000d5a0ff88) 
thrown [s\src\hotspot\share\interpreter\linkResolver.cpp, line 773]
Event: 0.518 Thread 0x0000029c23f6d1b0 Exception <a 'java/lang/NoSuchMethodError'{0x00000000d5bcefa0}: 'void java.lang.invoke.DelegatingMethodHandle$Holder.reinvoke_L(java.lang.Object, java.lang.Object, java.lang.Object, int)'> (0x00000000d5bcefa0) 
thrown [s\src\hotspot\share\interpreter\linkResolver.cpp, line 773]
Event: 0.852 Thread 0x0000029c23f6d1b0 Exception <a 'java/lang/NoSuchMethodError'{0x00000000d605aa30}: 'void java.lang.invoke.DirectMethodHandle$Holder.invokeVirtual(java.lang.Object, java.lang.Object)'> (0x00000000d605aa30) 
thrown [s\src\hotspot\share\interpreter\linkResolver.cpp, line 773]

ZGC Phase Switch (0 events):
No events

VM Operations (8 events):
Event: 0.132 Executing non-safepoint VM operation: HandshakeAllThreads (Deoptimize)
Event: 0.132 Executing non-safepoint VM operation: HandshakeAllThreads (Deoptimize) done
Event: 0.296 Executing non-safepoint VM operation: HandshakeAllThreads (Deoptimize)
Event: 0.296 Executing non-safepoint VM operation: HandshakeAllThreads (Deoptimize) done
Event: 1.077 Executing non-safepoint VM operation: HandshakeAllThreads (Deoptimize)
Event: 1.077 Executing non-safepoint VM operation: HandshakeAllThreads (Deoptimize) done
Event: 1.077 Executing safepoint VM operation: Cleanup
Event: 1.078 Executing safepoint VM operation: Cleanup done

Memory protections (0 events):
No events

Nmethod flushes (0 events):
No events

Events (15 events):
Event: 0.052 Thread 0x0000029c23f6d1b0 Thread added: 0x0000029c23f6d1b0
Event: 0.081 Thread 0x0000029c23f6d1b0 Thread added: 0x0000029c2400f190
Event: 0.081 Thread 0x0000029c23f6d1b0 Thread added: 0x0000029c24010260
Event: 0.081 Thread 0x0000029c23f6d1b0 Thread added: 0x0000029c2401e210
Event: 0.082 Thread 0x0000029c23f6d1b0 Thread added: 0x0000029c2401eef0
Event: 0.082 Thread 0x0000029c23f6d1b0 Thread added: 0x0000029c240216d0
Event: 0.082 Thread 0x0000029c23f6d1b0 Thread added: 0x0000029c24025fa0
Event: 0.082 Thread 0x0000029c23f6d1b0 Thread added: 0x0000029c2402d650
Event: 0.082 Thread 0x0000029c23f6d1b0 Thread added: 0x0000029c2402e7b0
Event: 0.197 Thread 0x0000029c23f6d1b0 Thread added: 0x0000029c7d034260
Event: 0.440 Thread 0x0000029c2402d650 Thread added: 0x0000029c7d117800
Event: 0.595 Thread 0x0000029c7d117800 Thread exited: 0x0000029c7d117800
Event: 0.724 Thread 0x0000029c23f6d1b0 Thread added: 0x0000029c7d11e410
Event: 0.924 Thread 0x0000029c2402e7b0 Thread added: 0x0000029c7d147b70
Event: 1.051 Thread 0x0000029c2402e7b0 Thread added: 0x0000029c7e053070


Dynamic libraries:
0x00007ff6384f0000 - 0x00007ff6384fe000 	c:\Users\loves\.vscode\extensions\redhat.java-1.54.0-win32-x64\jre\21.0.10-win32-x86_64\bin\java.exe
0x00007ffbf0f00000 - 0x00007ffbf1167000 	C:\WINDOWS\SYSTEM32\ntdll.dll
0x00007ffbefa80000 - 0x00007ffbefb49000 	C:\WINDOWS\System32\KERNEL32.DLL
0x00007ffbedde0000 - 0x00007ffbee1d7000 	C:\WINDOWS\System32\KERNELBASE.dll
0x00007ffbeda60000 - 0x00007ffbedbab000 	C:\WINDOWS\System32\ucrtbase.dll
0x00007ffbd35e0000 - 0x00007ffbd35fe000 	c:\Users\loves\.vscode\extensions\redhat.java-1.54.0-win32-x64\jre\21.0.10-win32-x86_64\bin\VCRUNTIME140.dll
0x00007ffbd3600000 - 0x00007ffbd3618000 	c:\Users\loves\.vscode\extensions\redhat.java-1.54.0-win32-x64\jre\21.0.10-win32-x86_64\bin\jli.dll
0x00007ffbeff40000 - 0x00007ffbf0106000 	C:\WINDOWS\System32\USER32.dll
0x00007ffbeddb0000 - 0x00007ffbeddd7000 	C:\WINDOWS\System32\win32u.dll
0x00007ffbf0660000 - 0x00007ffbf068b000 	C:\WINDOWS\System32\GDI32.dll
0x00007ffbed930000 - 0x00007ffbeda5c000 	C:\WINDOWS\System32\gdi32full.dll
0x00007ffbeebd0000 - 0x00007ffbeec73000 	C:\WINDOWS\System32\msvcp_win.dll
0x00007ffbce0a0000 - 0x00007ffbce332000 	C:\WINDOWS\WinSxS\amd64_microsoft.windows.common-controls_6595b64144ccf1df_6.0.26100.8457_none_3e0b2faee331e92d\COMCTL32.dll
0x00007ffbf0870000 - 0x00007ffbf0919000 	C:\WINDOWS\System32\msvcrt.dll
0x00007ffbf0620000 - 0x00007ffbf0652000 	C:\WINDOWS\System32\IMM32.DLL
0x00007ffbd3660000 - 0x00007ffbd366c000 	c:\Users\loves\.vscode\extensions\redhat.java-1.54.0-win32-x64\jre\21.0.10-win32-x86_64\bin\vcruntime140_1.dll
0x00007ffbd32c0000 - 0x00007ffbd334d000 	c:\Users\loves\.vscode\extensions\redhat.java-1.54.0-win32-x64\jre\21.0.10-win32-x86_64\bin\msvcp140.dll
0x00007ffb2c170000 - 0x00007ffb2cf11000 	c:\Users\loves\.vscode\extensions\redhat.java-1.54.0-win32-x64\jre\21.0.10-win32-x86_64\bin\server\jvm.dll
0x00007ffbf0e00000 - 0x00007ffbf0eb6000 	C:\WINDOWS\System32\ADVAPI32.dll
0x00007ffbefb50000 - 0x00007ffbefbf7000 	C:\WINDOWS\System32\sechost.dll
0x00007ffbefe20000 - 0x00007ffbeff38000 	C:\WINDOWS\System32\RPCRT4.dll
0x00007ffbf0b10000 - 0x00007ffbf0b90000 	C:\WINDOWS\System32\WS2_32.dll
0x00007ffbed790000 - 0x00007ffbed7ee000 	C:\WINDOWS\SYSTEM32\POWRPROF.dll
0x00007ffbeaad0000 - 0x00007ffbeab06000 	C:\WINDOWS\SYSTEM32\WINMM.dll
0x00007ffbd4220000 - 0x00007ffbd422b000 	C:\WINDOWS\SYSTEM32\VERSION.dll
0x00007ffbed770000 - 0x00007ffbed784000 	C:\WINDOWS\SYSTEM32\UMPDC.dll
0x00007ffbec6c0000 - 0x00007ffbec6db000 	C:\WINDOWS\SYSTEM32\kernel.appcore.dll
0x00007ffbd32b0000 - 0x00007ffbd32ba000 	c:\Users\loves\.vscode\extensions\redhat.java-1.54.0-win32-x64\jre\21.0.10-win32-x86_64\bin\jimage.dll
0x00007ffbeb790000 - 0x00007ffbeb9d2000 	C:\WINDOWS\SYSTEM32\DBGHELP.DLL
0x00007ffbef6f0000 - 0x00007ffbefa73000 	C:\WINDOWS\System32\combase.dll
0x00007ffbf0700000 - 0x00007ffbf07d9000 	C:\WINDOWS\System32\OLEAUT32.dll
0x00007ffbcbf20000 - 0x00007ffbcbf5b000 	C:\WINDOWS\SYSTEM32\dbgcore.DLL
0x00007ffbedc70000 - 0x00007ffbedd18000 	C:\WINDOWS\System32\bcryptPrimitives.dll
0x00007ffbd32a0000 - 0x00007ffbd32af000 	c:\Users\loves\.vscode\extensions\redhat.java-1.54.0-win32-x64\jre\21.0.10-win32-x86_64\bin\instrument.dll
0x00007ffba7790000 - 0x00007ffba77b0000 	c:\Users\loves\.vscode\extensions\redhat.java-1.54.0-win32-x64\jre\21.0.10-win32-x86_64\bin\java.dll
0x00007ffbeec80000 - 0x00007ffbef3ee000 	C:\WINDOWS\System32\SHELL32.dll
0x00007ffbee360000 - 0x00007ffbeebcc000 	C:\WINDOWS\System32\windows.storage.dll
0x00007ffbef420000 - 0x00007ffbef516000 	C:\WINDOWS\System32\SHCORE.dll
0x00007ffbf0690000 - 0x00007ffbf06f6000 	C:\WINDOWS\System32\shlwapi.dll
0x00007ffbed850000 - 0x00007ffbed879000 	C:\WINDOWS\SYSTEM32\profapi.dll
0x00007ffb9b240000 - 0x00007ffb9b258000 	c:\Users\loves\.vscode\extensions\redhat.java-1.54.0-win32-x64\jre\21.0.10-win32-x86_64\bin\zip.dll
0x00007ffbc7e40000 - 0x00007ffbc7e50000 	C:\Users\loves\.vscode\extensions\redhat.java-1.54.0-win32-x64\jre\21.0.10-win32-x86_64\bin\net.dll
0x00007ffbe6e40000 - 0x00007ffbe6f69000 	C:\WINDOWS\SYSTEM32\WINHTTP.dll
0x00007ffbecc30000 - 0x00007ffbecc9c000 	C:\WINDOWS\system32\mswsock.dll
0x00007ffb9af60000 - 0x00007ffb9af76000 	C:\Users\loves\.vscode\extensions\redhat.java-1.54.0-win32-x64\jre\21.0.10-win32-x86_64\bin\nio.dll
0x00007ffbc5d50000 - 0x00007ffbc5d60000 	c:\Users\loves\.vscode\extensions\redhat.java-1.54.0-win32-x64\jre\21.0.10-win32-x86_64\bin\verify.dll

JVMTI agents:
c:\Users\loves\.vscode\extensions\redhat.java-1.54.0-win32-x64\lombok\lombok-1.18.39-4050.jar path:c:\Users\loves\.vscode\extensions\redhat.java-1.54.0-win32-x64\jre\21.0.10-win32-x86_64\bin\instrument.dll, loaded, initialized, instrumentlib options:none

dbghelp: loaded successfully - version: 4.0.5 - missing functions: none
symbol engine: initialized successfully - sym options: 0x614 - pdb path: .;c:\Users\loves\.vscode\extensions\redhat.java-1.54.0-win32-x64\jre\21.0.10-win32-x86_64\bin;C:\WINDOWS\SYSTEM32;C:\WINDOWS\WinSxS\amd64_microsoft.windows.common-controls_6595b64144ccf1df_6.0.26100.8457_none_3e0b2faee331e92d;c:\Users\loves\.vscode\extensions\redhat.java-1.54.0-win32-x64\jre\21.0.10-win32-x86_64\bin\server

VM Arguments:
jvm_args: --add-modules=ALL-SYSTEM --add-opens=java.base/java.util=ALL-UNNAMED --add-opens=java.base/java.lang=ALL-UNNAMED --add-opens=java.base/sun.nio.fs=ALL-UNNAMED -Declipse.application=org.eclipse.jdt.ls.core.id1 -Dosgi.bundles.defaultStartLevel=4 -Declipse.product=org.eclipse.jdt.ls.core.product -Djava.import.generatesMetadataFilesAtProjectRoot=false -DDetectVMInstallationsJob.disabled=true -Dfile.encoding=utf8 -XX:+UseParallelGC -XX:GCTimeRatio=4 -XX:AdaptiveSizePolicyWeight=90 -Dsun.zip.disableMemoryMapping=true -Xmx2G -Xms100m -Xlog:disable -javaagent:c:\Users\loves\.vscode\extensions\redhat.java-1.54.0-win32-x64\lombok\lombok-1.18.39-4050.jar 
java_command: c:\Users\loves\.vscode\extensions\redhat.java-1.54.0-win32-x64\server\plugins\org.eclipse.equinox.launcher_1.7.100.v20251111-0406.jar -configuration c:\Users\loves\AppData\Roaming\Code\User\globalStorage\redhat.java\1.54.0\config_ss_win -data c:\Users\loves\AppData\Roaming\Code\User\workspaceStorage\27a697cad41ced2789a17db93756bb3b\redhat.java\ss_ws --pipe=\\.\pipe\lsp-dbc2f627eafb857561ceb884a74af3a6-sock
java_class_path (initial): c:\Users\loves\.vscode\extensions\redhat.java-1.54.0-win32-x64\server\plugins\org.eclipse.equinox.launcher_1.7.100.v20251111-0406.jar
Launcher Type: SUN_STANDARD

[Global flags]
    uintx AdaptiveSizePolicyWeight                 = 90                                        {product} {command line}
     intx CICompilerCount                          = 4                                         {product} {ergonomic}
    uintx GCTimeRatio                              = 4                                         {product} {command line}
   size_t InitialHeapSize                          = 104857600                                 {product} {command line}
   size_t MaxHeapSize                              = 2147483648                                {product} {command line}
   size_t MaxNewSize                               = 715653120                                 {product} {ergonomic}
   size_t MinHeapDeltaBytes                        = 524288                                    {product} {ergonomic}
   size_t MinHeapSize                              = 104857600                                 {product} {command line}
   size_t NewSize                                  = 34603008                                  {product} {ergonomic}
    uintx NonNMethodCodeHeapSize                   = 5839372                                {pd product} {ergonomic}
    uintx NonProfiledCodeHeapSize                  = 122909434                              {pd product} {ergonomic}
   size_t OldSize                                  = 70254592                                  {product} {ergonomic}
    uintx ProfiledCodeHeapSize                     = 122909434                              {pd product} {ergonomic}
    uintx ReservedCodeCacheSize                    = 251658240                              {pd product} {ergonomic}
     bool SegmentedCodeCache                       = true                                      {product} {ergonomic}
   size_t SoftMaxHeapSize                          = 2147483648                             {manageable} {ergonomic}
     bool UseCompressedOops                        = true                           {product lp64_product} {ergonomic}
     bool UseLargePagesIndividualAllocation        = false                                  {pd product} {ergonomic}
     bool UseParallelGC                            = true                                      {product} {command line}

Logging:
Log output configuration:
 #0: stdout all=off uptime,level,tags foldmultilines=false
 #1: stderr all=off uptime,level,tags foldmultilines=false

Release file:
JAVA_VERSION="21.0.10" 
MODULES="java.base java.compiler java.datatransfer java.xml java.prefs java.desktop java.instrument java.logging java.management java.security.sasl java.naming java.rmi java.management.rmi java.net.http java.scripting java.security.jgss java.transaction.xa java.sql java.sql.rowset java.xml.crypto java.se java.smartcardio jdk.accessibility jdk.internal.jvmstat jdk.attach jdk.charsets jdk.internal.opt jdk.zipfs jdk.compiler jdk.crypto.ec jdk.crypto.cryptoki jdk.crypto.mscapi jdk.dynalink jdk.internal.ed jdk.editpad jdk.hotspot.agent jdk.httpserver jdk.internal.le jdk.internal.vm.ci jdk.internal.vm.compiler jdk.internal.vm.compiler.management jdk.jartool jdk.javadoc jdk.jcmd jdk.management jdk.management.agent jdk.jconsole jdk.jdeps jdk.jdwp.agent jdk.jdi jdk.jfr jdk.jshell jdk.jsobject jdk.jstatd jdk.localedata jdk.management.jfr jdk.naming.dns jdk.naming.rmi jdk.net jdk.nio.mapmode jdk.random jdk.sctp jdk.security.auth jdk.security.jgss jdk.unsupported jdk.unsupported.desktop jdk.xml.dom" 

Environment Variables:
PATH=C:\Program Files\Common Files\Oracle\Java\javapath;C:\app\loves\product\21c\dbhomeXE\bin;C:\WINDOWS\system32;C:\WINDOWS;C:\WINDOWS\System32\Wbem;C:\WINDOWS\System32\WindowsPowerShell\v1.0\;C:\WINDOWS\System32\OpenSSH\;C:\Program Files\dotnet\;C:\Program Files\Git\cmd;C:\Program Files\nodejs\;C:\Program Files\MongoDB\Server\6.0\bin;C:\Program Files\MySQL\MySQL Shell 8.0\bin\;C:\Users\loves\AppData\Local\Programs\Python\Python312\Scripts\;C:\Users\loves\AppData\Local\Programs\Python\Python312\;C:\Users\loves\AppData\Local\Programs\Python\Launcher\;C:\Users\loves\AppData\Local\Microsoft\WindowsApps;C:\Users\loves\AppData\Local\Programs\Microsoft VS Code\bin;C:\Program Files\JetBrains\IntelliJ IDEA 2024.2.1\bin;;C:\Users\loves\AppData\Roaming\npm;C:\Program Files\nodejs\node_modules\npm\bin;
USERNAME=loves
OS=Windows_NT
PROCESSOR_IDENTIFIER=Intel64 Family 6 Model 154 Stepping 4, GenuineIntel
TMP=C:\Users\loves\AppData\Local\Temp
TEMP=C:\Users\loves\AppData\Local\Temp




Periodic native trim disabled

---------------  S Y S T E M  ---------------

OS:
 Windows 11 , 64 bit Build 26100 (10.0.26100.8328)
OS uptime: 0 days 2:07 hours
Hyper-V role detected

CPU: total 12 (initial active 12) (6 cores per cpu, 2 threads per core) family 6 model 154 stepping 4 microcode 0x43b, cx8, cmov, fxsr, ht, mmx, 3dnowpref, sse, sse2, sse3, ssse3, sse4.1, sse4.2, popcnt, lzcnt, tsc, tscinvbit, avx, avx2, aes, erms, clmul, bmi1, bmi2, adx, sha, fma, vzeroupper, clflush, clflushopt, clwb, hv, serialize, rdtscp, rdpid, fsrm, f16c, cet_ibt, cet_ss
Processor Information for the first 12 processors :
  Max Mhz: 1300, Current Mhz: 1300, Mhz Limit: 1300

Memory: 4k page, system-wide physical 7876M (623M free)
TotalPageFile size 16763M (AvailPageFile size 108M)
current process WorkingSet (physical memory assigned to process): 67M, peak: 68M
current process commit charge ("private bytes"): 240M, peak: 241M

vm_info: OpenJDK 64-Bit Server VM (21.0.10+7-LTS) for windows-amd64 JRE (21.0.10+7-LTS), built on 2026-01-20T00:00:00Z by "admin" with MS VC++ 17.12 (VS2022)

END.
