#
# There is insufficient memory for the Java Runtime Environment to continue.
# Native memory allocation (malloc) failed to allocate 32784 bytes. Error detail: Chunk::new
# Possible reasons:
#   The system is out of physical RAM or swap space
#   This process is running with CompressedOops enabled, and the Java Heap may be blocking the growth of the native heap
# Possible solutions:
#   Reduce memory load on the system
#   Increase physical memory or swap space
#   Check if swap backing store is full
#   Decrease Java heap size (-Xmx/-Xms)
#   Decrease number of Java threads
#   Decrease Java thread stack sizes (-Xss)
#   Set larger code cache with -XX:ReservedCodeCacheSize=
#   JVM is running with Unscaled Compressed Oops mode in which the Java heap is
#     placed in the first 4GB address space. The Java Heap base address is the
#     maximum limit for the native heap growth. Please use -XX:HeapBaseMinAddress
#     to set the Java Heap base and to place the Java Heap above 4GB virtual address.
# This output file may be truncated or incomplete.
#
#  Out of Memory Error (arena.cpp:168), pid=18504, tid=20064
#
# JRE version: OpenJDK Runtime Environment Temurin-21.0.10+7 (21.0.10+7) (build 21.0.10+7-LTS)
# Java VM: OpenJDK 64-Bit Server VM Temurin-21.0.10+7 (21.0.10+7-LTS, mixed mode, sharing, tiered, compressed oops, compressed class ptrs, parallel gc, windows-amd64)
# No core dump will be written. Minidumps are not enabled by default on client versions of Windows
#

---------------  S U M M A R Y ------------

Command Line: --add-modules=ALL-SYSTEM --add-opens=java.base/java.util=ALL-UNNAMED --add-opens=java.base/java.lang=ALL-UNNAMED --add-opens=java.base/sun.nio.fs=ALL-UNNAMED -Declipse.application=org.eclipse.jdt.ls.core.id1 -Dosgi.bundles.defaultStartLevel=4 -Declipse.product=org.eclipse.jdt.ls.core.product -Djava.import.generatesMetadataFilesAtProjectRoot=false -DDetectVMInstallationsJob.disabled=true -Dfile.encoding=utf8 -XX:+UseParallelGC -XX:GCTimeRatio=4 -XX:AdaptiveSizePolicyWeight=90 -Dsun.zip.disableMemoryMapping=true -Xmx2G -Xms100m -Xlog:disable -javaagent:c:\Users\loves\.vscode\extensions\redhat.java-1.54.0-win32-x64\lombok\lombok-1.18.39-4050.jar -XX:+HeapDumpOnOutOfMemoryError -XX:HeapDumpPath=c:\Users\loves\AppData\Roaming\Code\User\workspaceStorage\a9c64d7ad9559b0cbc65faec546d542b\redhat.java -Daether.dependencyCollector.impl=bf c:\Users\loves\.vscode\extensions\redhat.java-1.54.0-win32-x64\server\plugins\org.eclipse.equinox.launcher_1.7.100.v20251111-0406.jar -configuration c:\Users\loves\AppData\Roaming\Code\User\globalStorage\redhat.java\1.54.0\config_win -data c:\Users\loves\AppData\Roaming\Code\User\workspaceStorage\a9c64d7ad9559b0cbc65faec546d542b\redhat.java\jdt_ws --pipe=\\.\pipe\lsp-54c65dd3d1df883ee52165c3f432641f-sock

Host: 12th Gen Intel(R) Core(TM) i5-1235U, 12 cores, 7G,  Windows 11 , 64 bit Build 26100 (10.0.26100.8328)
Time: Wed Jun 10 20:04:53 2026 India Standard Time elapsed time: 834.130915 seconds (0d 0h 13m 54s)

---------------  T H R E A D  ---------------

Current thread (0x0000020ae31279f0):  JavaThread "C2 CompilerThread0" daemon [_thread_in_native, id=20064, stack(0x0000005ff3700000,0x0000005ff3800000) (1024K)]


Current CompileTask:
C2:834130 11070       4       org.eclipse.jdt.internal.core.util.MementoTokenizer::nextToken (647 bytes)

Stack: [0x0000005ff3700000,0x0000005ff3800000]
Native frames: (J=compiled Java code, j=interpreted, Vv=VM code, C=native code)
V  [jvm.dll+0x6d7a39]
V  [jvm.dll+0x8b4b26]
V  [jvm.dll+0x8b70de]
V  [jvm.dll+0x8b77c3]
V  [jvm.dll+0x284346]
V  [jvm.dll+0xc66ed]
V  [jvm.dll+0xc6c31]
V  [jvm.dll+0x6fcfc2]
V  [jvm.dll+0x24b2a9]
V  [jvm.dll+0x1cb34e]
V  [jvm.dll+0x25b85d]
V  [jvm.dll+0x259dea]
V  [jvm.dll+0x3f857e]
V  [jvm.dll+0x85f59d]
V  [jvm.dll+0x6d626d]
C  [ucrtbase.dll+0x37b0]
C  [KERNEL32.DLL+0x2e957]
C  [ntdll.dll+0x427c]


---------------  P R O C E S S  ---------------

Threads class SMR info:
_java_thread_list=0x0000020ae93bf8d0, length=70, elements={
0x0000020a897ad230, 0x0000020ae3110080, 0x0000020ae3112cd0, 0x0000020ae3115fd0,
0x0000020ae3118b40, 0x0000020ae311bb10, 0x0000020ae3123640, 0x0000020ae31279f0,
0x0000020ae3149d10, 0x0000020ae336e9d0, 0x0000020ae3383e70, 0x0000020ae39d82f0,
0x0000020ae3cb5ab0, 0x0000020ae81364b0, 0x0000020ae8147c10, 0x0000020ae85858c0,
0x0000020ae37a08b0, 0x0000020ae33f69a0, 0x0000020ae8089b20, 0x0000020ae8089490,
0x0000020ae808aed0, 0x0000020ae80880e0, 0x0000020aebd5dff0, 0x0000020aebd5e680,
0x0000020aebd5bf20, 0x0000020aebd5d960, 0x0000020aebd5ed10, 0x0000020aebd5c5b0,
0x0000020aebd5f3a0, 0x0000020aebd5fa30, 0x0000020aebd600c0, 0x0000020aebd5cc40,
0x0000020aebd60750, 0x0000020aebd5d2d0, 0x0000020aebd63540, 0x0000020aebd61b00,
0x0000020aebd61470, 0x0000020aebd62eb0, 0x0000020ae8088e00, 0x0000020ae808a1b0,
0x0000020ae808b560, 0x0000020ae8088770, 0x0000020af57746b0, 0x0000020af5773990,
0x0000020af5774d40, 0x0000020af57753d0, 0x0000020af5776780, 0x0000020af5775a60,
0x0000020af57760f0, 0x0000020af5773300, 0x0000020af5779570, 0x0000020af5776e10,
0x0000020af577a290, 0x0000020af57774a0, 0x0000020af5777b30, 0x0000020af57781c0,
0x0000020ae9e07a00, 0x0000020ae9e06650, 0x0000020ae9e0a160, 0x0000020ae9e08090,
0x0000020ae9e08720, 0x0000020ae9e08db0, 0x0000020ae9e0a7f0, 0x0000020ae9e07370,
0x0000020ae9e0bba0, 0x0000020ae9e0ae80, 0x0000020ae9e0b510, 0x0000020ae9e0c8c0,
0x0000020ae9e0c230, 0x0000020ae9e0cf50
}

Java Threads: ( => current thread )
  0x0000020a897ad230 JavaThread "main"                              [_thread_blocked, id=11732, stack(0x0000005ff2d00000,0x0000005ff2e00000) (1024K)]
  0x0000020ae3110080 JavaThread "Reference Handler"          daemon [_thread_blocked, id=19540, stack(0x0000005ff3100000,0x0000005ff3200000) (1024K)]
  0x0000020ae3112cd0 JavaThread "Finalizer"                  daemon [_thread_blocked, id=18060, stack(0x0000005ff3200000,0x0000005ff3300000) (1024K)]
  0x0000020ae3115fd0 JavaThread "Signal Dispatcher"          daemon [_thread_blocked, id=13116, stack(0x0000005ff3300000,0x0000005ff3400000) (1024K)]
  0x0000020ae3118b40 JavaThread "Attach Listener"            daemon [_thread_blocked, id=13336, stack(0x0000005ff3400000,0x0000005ff3500000) (1024K)]
  0x0000020ae311bb10 JavaThread "Service Thread"             daemon [_thread_blocked, id=12620, stack(0x0000005ff3500000,0x0000005ff3600000) (1024K)]
  0x0000020ae3123640 JavaThread "Monitor Deflation Thread"   daemon [_thread_blocked, id=2640, stack(0x0000005ff3600000,0x0000005ff3700000) (1024K)]
=>0x0000020ae31279f0 JavaThread "C2 CompilerThread0"         daemon [_thread_in_native, id=20064, stack(0x0000005ff3700000,0x0000005ff3800000) (1024K)]
  0x0000020ae3149d10 JavaThread "C1 CompilerThread0"         daemon [_thread_blocked, id=20796, stack(0x0000005ff3800000,0x0000005ff3900000) (1024K)]
  0x0000020ae336e9d0 JavaThread "Common-Cleaner"             daemon [_thread_blocked, id=18176, stack(0x0000005ff3a00000,0x0000005ff3b00000) (1024K)]
  0x0000020ae3383e70 JavaThread "Notification Thread"        daemon [_thread_blocked, id=2208, stack(0x0000005ff3900000,0x0000005ff3a00000) (1024K)]
  0x0000020ae39d82f0 JavaThread "Active Thread: Equinox Container: adba5192-01e7-4c4a-bfb9-569113333cb1"        [_thread_blocked, id=20400, stack(0x0000005ff4200000,0x0000005ff4300000) (1024K)]
  0x0000020ae3cb5ab0 JavaThread "Refresh Thread: Equinox Container: adba5192-01e7-4c4a-bfb9-569113333cb1" daemon [_thread_blocked, id=13320, stack(0x0000005ff4300000,0x0000005ff4400000) (1024K)]
  0x0000020ae81364b0 JavaThread "Framework Event Dispatcher: Equinox Container: adba5192-01e7-4c4a-bfb9-569113333cb1" daemon [_thread_blocked, id=2672, stack(0x0000005ff4400000,0x0000005ff4500000) (1024K)]
  0x0000020ae8147c10 JavaThread "Start Level: Equinox Container: adba5192-01e7-4c4a-bfb9-569113333cb1" daemon [_thread_blocked, id=14880, stack(0x0000005ff4500000,0x0000005ff4600000) (1024K)]
  0x0000020ae85858c0 JavaThread "Bundle File Closer"         daemon [_thread_blocked, id=10704, stack(0x0000005ff4800000,0x0000005ff4900000) (1024K)]
  0x0000020ae37a08b0 JavaThread "SCR Component Actor"        daemon [_thread_blocked, id=20744, stack(0x0000005ff4900000,0x0000005ff4a00000) (1024K)]
  0x0000020ae33f69a0 JavaThread "Worker-JM"                         [_thread_blocked, id=5448, stack(0x0000005ff4a00000,0x0000005ff4b00000) (1024K)]
  0x0000020ae8089b20 JavaThread "Worker-0"                          [_thread_blocked, id=3684, stack(0x0000005ff4b00000,0x0000005ff4c00000) (1024K)]
  0x0000020ae8089490 JavaThread "Java indexing"              daemon [_thread_blocked, id=2032, stack(0x0000005ff5000000,0x0000005ff5100000) (1024K)]
  0x0000020ae808aed0 JavaThread "JNA Cleaner"                daemon [_thread_blocked, id=19996, stack(0x0000005ff5100000,0x0000005ff5200000) (1024K)]
  0x0000020ae80880e0 JavaThread "Worker-4"                          [_thread_blocked, id=8656, stack(0x0000005ff5400000,0x0000005ff5500000) (1024K)]
  0x0000020aebd5dff0 JavaThread "Thread-1"                   daemon [_thread_in_native, id=4592, stack(0x0000005ff5600000,0x0000005ff5700000) (1024K)]
  0x0000020aebd5e680 JavaThread "Thread-2"                   daemon [_thread_in_native, id=2392, stack(0x0000005ff5700000,0x0000005ff5800000) (1024K)]
  0x0000020aebd5bf20 JavaThread "Thread-3"                   daemon [_thread_in_native, id=2844, stack(0x0000005ff5800000,0x0000005ff5900000) (1024K)]
  0x0000020aebd5d960 JavaThread "Thread-4"                   daemon [_thread_in_native, id=11652, stack(0x0000005ff5900000,0x0000005ff5a00000) (1024K)]
  0x0000020aebd5ed10 JavaThread "Thread-5"                   daemon [_thread_in_native, id=13660, stack(0x0000005ff5a00000,0x0000005ff5b00000) (1024K)]
  0x0000020aebd5c5b0 JavaThread "Thread-6"                   daemon [_thread_in_native, id=16276, stack(0x0000005ff5b00000,0x0000005ff5c00000) (1024K)]
  0x0000020aebd5f3a0 JavaThread "Thread-7"                   daemon [_thread_in_native, id=12696, stack(0x0000005ff5c00000,0x0000005ff5d00000) (1024K)]
  0x0000020aebd5fa30 JavaThread "Thread-8"                   daemon [_thread_in_native, id=2960, stack(0x0000005ff5d00000,0x0000005ff5e00000) (1024K)]
  0x0000020aebd600c0 JavaThread "Thread-9"                   daemon [_thread_in_native, id=6576, stack(0x0000005ff5e00000,0x0000005ff5f00000) (1024K)]
  0x0000020aebd5cc40 JavaThread "Thread-10"                  daemon [_thread_in_native, id=18392, stack(0x0000005ff5f00000,0x0000005ff6000000) (1024K)]
  0x0000020aebd60750 JavaThread "Thread-11"                  daemon [_thread_in_native, id=6084, stack(0x0000005ff6000000,0x0000005ff6100000) (1024K)]
  0x0000020aebd5d2d0 JavaThread "Thread-12"                  daemon [_thread_in_native, id=13348, stack(0x0000005ff6100000,0x0000005ff6200000) (1024K)]
  0x0000020aebd63540 JavaThread "Thread-13"                  daemon [_thread_in_native, id=7200, stack(0x0000005ff6200000,0x0000005ff6300000) (1024K)]
  0x0000020aebd61b00 JavaThread "pool-2-thread-1"                   [_thread_blocked, id=4248, stack(0x0000005ff6300000,0x0000005ff6400000) (1024K)]
  0x0000020aebd61470 JavaThread "WorkspaceEventsHandler"            [_thread_blocked, id=14420, stack(0x0000005ff6500000,0x0000005ff6600000) (1024K)]
  0x0000020aebd62eb0 JavaThread "pool-1-thread-1"                   [_thread_blocked, id=16956, stack(0x0000005ff6600000,0x0000005ff6700000) (1024K)]
  0x0000020ae8088e00 JavaThread "Worker-6"                          [_thread_blocked, id=16056, stack(0x0000005ff2a00000,0x0000005ff2b00000) (1024K)]
  0x0000020ae808a1b0 JavaThread "Worker-7"                          [_thread_blocked, id=15992, stack(0x0000005ff2b00000,0x0000005ff2c00000) (1024K)]
  0x0000020ae808b560 JavaThread "ForkJoinPool.commonPool-worker-9" daemon [_thread_blocked, id=20852, stack(0x0000005ff2c00000,0x0000005ff2d00000) (1024K)]
  0x0000020ae8088770 JavaThread "ForkJoinPool.commonPool-worker-10" daemon [_thread_blocked, id=19596, stack(0x0000005ff4c00000,0x0000005ff4d00000) (1024K)]
  0x0000020af57746b0 JavaThread "ForkJoinPool.commonPool-worker-11" daemon [_thread_blocked, id=13532, stack(0x0000005ff4d00000,0x0000005ff4e00000) (1024K)]
  0x0000020af5773990 JavaThread "ForkJoinPool.commonPool-worker-12" daemon [_thread_blocked, id=19748, stack(0x0000005ff4e00000,0x0000005ff4f00000) (1024K)]
  0x0000020af5774d40 JavaThread "Compiler Source File Reader" daemon [_thread_blocked, id=17072, stack(0x0000005ff5200000,0x0000005ff5300000) (1024K)]
  0x0000020af57753d0 JavaThread "Compiler Source File Reader" daemon [_thread_blocked, id=3256, stack(0x0000005ff5300000,0x0000005ff5400000) (1024K)]
  0x0000020af5776780 JavaThread "Compiler Source File Reader" daemon [_thread_blocked, id=16804, stack(0x0000005ff5500000,0x0000005ff5600000) (1024K)]
  0x0000020af5775a60 JavaThread "Compiler Source File Reader" daemon [_thread_blocked, id=18804, stack(0x0000005ff6400000,0x0000005ff6500000) (1024K)]
  0x0000020af57760f0 JavaThread "Compiler Source File Reader" daemon [_thread_blocked, id=20164, stack(0x0000005ff6700000,0x0000005ff6800000) (1024K)]
  0x0000020af5773300 JavaThread "Compiler Source File Reader" daemon [_thread_blocked, id=4836, stack(0x0000005ff6800000,0x0000005ff6900000) (1024K)]
  0x0000020af5779570 JavaThread "Compiler Source File Reader" daemon [_thread_blocked, id=8832, stack(0x0000005ff6900000,0x0000005ff6a00000) (1024K)]
  0x0000020af5776e10 JavaThread "Compiler Source File Reader" daemon [_thread_blocked, id=20108, stack(0x0000005ff6a00000,0x0000005ff6b00000) (1024K)]
  0x0000020af577a290 JavaThread "Compiler Source File Reader" daemon [_thread_blocked, id=9504, stack(0x0000005ff6b00000,0x0000005ff6c00000) (1024K)]
  0x0000020af57774a0 JavaThread "Compiler Source File Reader" daemon [_thread_blocked, id=18720, stack(0x0000005ff6c00000,0x0000005ff6d00000) (1024K)]
  0x0000020af5777b30 JavaThread "Compiler Processing Task"   daemon [_thread_blocked, id=18260, stack(0x0000005ff6d00000,0x0000005ff6e00000) (1024K)]
  0x0000020af57781c0 JavaThread "Compiler Class File Writer" daemon [_thread_blocked, id=17812, stack(0x0000005ff4f00000,0x0000005ff5000000) (1024K)]
  0x0000020ae9e07a00 JavaThread "Compiler Class File Writer" daemon [_thread_blocked, id=15408, stack(0x0000005ff6e00000,0x0000005ff6f00000) (1024K)]
  0x0000020ae9e06650 JavaThread "Compiler Class File Writer" daemon [_thread_blocked, id=21172, stack(0x0000005ff6f00000,0x0000005ff7000000) (1024K)]
  0x0000020ae9e0a160 JavaThread "Compiler Class File Writer" daemon [_thread_blocked, id=14588, stack(0x0000005ff7000000,0x0000005ff7100000) (1024K)]
  0x0000020ae9e08090 JavaThread "Compiler Class File Writer" daemon [_thread_blocked, id=10996, stack(0x0000005ff7100000,0x0000005ff7200000) (1024K)]
  0x0000020ae9e08720 JavaThread "Compiler Class File Writer" daemon [_thread_blocked, id=19240, stack(0x0000005ff7200000,0x0000005ff7300000) (1024K)]
  0x0000020ae9e08db0 JavaThread "Compiler Class File Writer" daemon [_thread_blocked, id=20052, stack(0x0000005ff7300000,0x0000005ff7400000) (1024K)]
  0x0000020ae9e0a7f0 JavaThread "Compiler Class File Writer" daemon [_thread_blocked, id=11248, stack(0x0000005ff7400000,0x0000005ff7500000) (1024K)]
  0x0000020ae9e07370 JavaThread "Compiler Class File Writer" daemon [_thread_blocked, id=7076, stack(0x0000005ff7500000,0x0000005ff7600000) (1024K)]
  0x0000020ae9e0bba0 JavaThread "Compiler Class File Writer" daemon [_thread_blocked, id=14568, stack(0x0000005ff7600000,0x0000005ff7700000) (1024K)]
  0x0000020ae9e0ae80 JavaThread "Worker-8"                          [_thread_blocked, id=13384, stack(0x0000005ff7700000,0x0000005ff7800000) (1024K)]
  0x0000020ae9e0b510 JavaThread "ForkJoinPool.commonPool-worker-13" daemon [_thread_blocked, id=19976, stack(0x0000005ff7800000,0x0000005ff7900000) (1024K)]
  0x0000020ae9e0c8c0 JavaThread "ForkJoinPool.commonPool-worker-14" daemon [_thread_blocked, id=16820, stack(0x0000005ff7900000,0x0000005ff7a00000) (1024K)]
  0x0000020ae9e0c230 JavaThread "ForkJoinPool.commonPool-worker-15" daemon [_thread_blocked, id=15144, stack(0x0000005ff7a00000,0x0000005ff7b00000) (1024K)]
  0x0000020ae9e0cf50 JavaThread "ForkJoinPool.commonPool-worker-16" daemon [_thread_blocked, id=12684, stack(0x0000005ff7b00000,0x0000005ff7c00000) (1024K)]
Total: 70

Other Threads:
  0x0000020a89743b20 VMThread "VM Thread"                           [id=12668, stack(0x0000005ff3000000,0x0000005ff3100000) (1024K)]
  0x0000020a8963ba00 WatcherThread "VM Periodic Task Thread"        [id=1788, stack(0x0000005ff2f00000,0x0000005ff3000000) (1024K)]
  0x0000020a897cc720 WorkerThread "GC Thread#0"                     [id=11092, stack(0x0000005ff2e00000,0x0000005ff2f00000) (1024K)]
  0x0000020ae3a9ecf0 WorkerThread "GC Thread#1"                     [id=7784, stack(0x0000005ff3c00000,0x0000005ff3d00000) (1024K)]
  0x0000020ae399fb10 WorkerThread "GC Thread#2"                     [id=19236, stack(0x0000005ff3d00000,0x0000005ff3e00000) (1024K)]
  0x0000020ae399fec0 WorkerThread "GC Thread#3"                     [id=16588, stack(0x0000005ff3e00000,0x0000005ff3f00000) (1024K)]
  0x0000020ae3494a80 WorkerThread "GC Thread#4"                     [id=9776, stack(0x0000005ff3f00000,0x0000005ff4000000) (1024K)]
  0x0000020ae38d45d0 WorkerThread "GC Thread#5"                     [id=9248, stack(0x0000005ff4000000,0x0000005ff4100000) (1024K)]
  0x0000020ae38d50e0 WorkerThread "GC Thread#6"                     [id=12812, stack(0x0000005ff4100000,0x0000005ff4200000) (1024K)]
  0x0000020ae38d5840 WorkerThread "GC Thread#7"                     [id=18648, stack(0x0000005ff3b00000,0x0000005ff3c00000) (1024K)]
  0x0000020ae38d4d30 WorkerThread "GC Thread#8"                     [id=7028, stack(0x0000005ff4600000,0x0000005ff4700000) (1024K)]
  0x0000020ae38d4220 WorkerThread "GC Thread#9"                     [id=20592, stack(0x0000005ff4700000,0x0000005ff4800000) (1024K)]
Total: 12

Threads with active compile tasks:
C2 CompilerThread0  834160 11070       4       org.eclipse.jdt.internal.core.util.MementoTokenizer::nextToken (647 bytes)
Total: 1

VM state: not at safepoint (normal execution)

VM Mutex/Monitor currently owned by a thread: None

Heap address: 0x0000000080000000, size: 2048 MB, Compressed Oops mode: 32-bit

CDS archive(s) mapped at: [0x0000020aa1000000-0x0000020aa1ba0000-0x0000020aa1ba0000), size 12189696, SharedBaseAddress: 0x0000020aa1000000, ArchiveRelocationMode: 1.
Compressed class space mapped at: 0x0000020aa2000000-0x0000020ae2000000, reserved size: 1073741824
Narrow klass base: 0x0000020aa1000000, Narrow klass shift: 0, Narrow klass range: 0x100000000

GC Precious Log:
 CardTable entry size: 512
 CPUs: 12 total, 12 available
 Memory: 7876M
 Large Page Support: Disabled
 NUMA Support: Disabled
 Compressed Oops: Enabled (32-bit)
 Alignments: Space 512K, Generation 512K, Heap 2M
 Heap Min Capacity: 100M
 Heap Initial Capacity: 100M
 Heap Max Capacity: 2G
 Pre-touch: Disabled
 Parallel Workers: 10

Heap:
 PSYoungGen      total 4096K, used 3621K [0x00000000d5580000, 0x00000000d5b80000, 0x0000000100000000)
  eden space 3584K, 93% used [0x00000000d5580000,0x00000000d58c1758,0x00000000d5900000)
  from space 512K, 56% used [0x00000000d5b00000,0x00000000d5b48000,0x00000000d5b80000)
  to   space 1024K, 0% used [0x00000000d5980000,0x00000000d5980000,0x00000000d5a80000)
 ParOldGen       total 528384K, used 528268K [0x0000000080000000, 0x00000000a0400000, 0x00000000d5580000)
  object space 528384K, 99% used [0x0000000080000000,0x00000000a03e33f8,0x00000000a0400000)
 Metaspace       used 70470K, committed 72000K, reserved 1114112K
  class space    used 7561K, committed 8192K, reserved 1048576K

Card table byte_map: [0x0000020a89150000,0x0000020a89560000] _byte_map_base: 0x0000020a88d50000

Marking Bits: (ParMarkBitMap*) 0x00007ff920773450
 Begin Bits: [0x0000020a9bc60000, 0x0000020a9dc60000)
 End Bits:   [0x0000020a9dc60000, 0x0000020a9fc60000)

Polling page: 0x0000020a873c0000

Metaspace:

Usage:
  Non-class:     61.43 MB used.
      Class:      7.38 MB used.
       Both:     68.82 MB used.

Virtual space:
  Non-class space:       64.00 MB reserved,      62.31 MB ( 97%) committed,  1 nodes.
      Class space:        1.00 GB reserved,       8.00 MB ( <1%) committed,  1 nodes.
             Both:        1.06 GB reserved,      70.31 MB (  6%) committed. 

Chunk freelists:
   Non-Class:  1.70 MB
       Class:  7.97 MB
        Both:  9.67 MB

MaxMetaspaceSize: unlimited
CompressedClassSpaceSize: 1.00 GB
Initial GC threshold: 21.00 MB
Current GC threshold: 97.31 MB
CDS: on
 - commit_granule_bytes: 65536.
 - commit_granule_words: 8192.
 - virtual_space_node_default_size: 8388608.
 - enlarge_chunks_in_place: 1.
 - use_allocation_guard: 0.


Internal statistics:

num_allocs_failed_limit: 9.
num_arena_births: 1136.
num_arena_deaths: 36.
num_vsnodes_births: 2.
num_vsnodes_deaths: 0.
num_space_committed: 1125.
num_space_uncommitted: 0.
num_chunks_returned_to_freelist: 52.
num_chunks_taken_from_freelist: 4296.
num_chunk_merges: 16.
num_chunk_splits: 2592.
num_chunks_enlarged: 1468.
num_inconsistent_stats: 0.

CodeHeap 'non-profiled nmethods': size=120000Kb used=9111Kb max_used=9111Kb free=110888Kb
 bounds [0x0000020a94480000, 0x0000020a94d70000, 0x0000020a9b9b0000]
CodeHeap 'profiled nmethods': size=120000Kb used=23800Kb max_used=23800Kb free=96199Kb
 bounds [0x0000020a8c9b0000, 0x0000020a8e0f0000, 0x0000020a93ee0000]
CodeHeap 'non-nmethods': size=5760Kb used=1495Kb max_used=1559Kb free=4264Kb
 bounds [0x0000020a93ee0000, 0x0000020a94150000, 0x0000020a94480000]
CodeCache: size=245760Kb, used=34406Kb, max_used=34470Kb, free=211351Kb
 total_blobs=11153, nmethods=10339, adapters=719, full_count=0
Compilation: enabled, stopped_count=0, restarted_count=0

Compilation events (20 events):
Event: 834.051 Thread 0x0000020ae3149d10 nmethod 11061 0x0000020a8e0ea790 code [0x0000020a8e0eaa00, 0x0000020a8e0eb490]
Event: 834.051 Thread 0x0000020ae3149d10 11062   !   3       sun.nio.cs.StreamDecoder::forInputStreamReader (24 bytes)
Event: 834.051 Thread 0x0000020ae3149d10 nmethod 11062 0x0000020a8e0eb890 code [0x0000020a8e0eba80, 0x0000020a8e0ebf20]
Event: 834.053 Thread 0x0000020ae3149d10 11063       3       org.eclipse.jdt.core.dom.Modifier::accept0 (12 bytes)
Event: 834.053 Thread 0x0000020ae3149d10 nmethod 11063 0x0000020a8e0ec190 code [0x0000020a8e0ec360, 0x0000020a8e0ec610]
Event: 834.054 Thread 0x0000020ae3149d10 11064       1       org.eclipse.jdt.internal.compiler.lookup.TypeBinding::isCapture (2 bytes)
Event: 834.054 Thread 0x0000020ae3149d10 nmethod 11064 0x0000020a94d65490 code [0x0000020a94d65620, 0x0000020a94d656e8]
Event: 834.054 Thread 0x0000020ae3149d10 11065       1       org.eclipse.jdt.internal.compiler.lookup.ReferenceBinding::getFileName (5 bytes)
Event: 834.054 Thread 0x0000020ae3149d10 nmethod 11065 0x0000020a94d65790 code [0x0000020a94d65920, 0x0000020a94d659e8]
Event: 834.054 Thread 0x0000020ae3149d10 11066       1       org.eclipse.jdt.internal.core.BinaryMember::isBinary (2 bytes)
Event: 834.054 Thread 0x0000020ae3149d10 nmethod 11066 0x0000020a94d65a90 code [0x0000020a94d65c20, 0x0000020a94d65ce8]
Event: 834.054 Thread 0x0000020ae3149d10 11068       3       org.eclipse.jdt.internal.core.JavaElement::getHandleFromMemento (22 bytes)
Event: 834.055 Thread 0x0000020ae3149d10 nmethod 11068 0x0000020a8e0ec710 code [0x0000020a8e0ec8e0, 0x0000020a8e0ecc30]
Event: 834.055 Thread 0x0000020ae3149d10 11067       3       org.eclipse.jdt.internal.core.util.MementoTokenizer::getStringDelimitedBy (39 bytes)
Event: 834.055 Thread 0x0000020ae3149d10 nmethod 11067 0x0000020a8e0ecd90 code [0x0000020a8e0ecf60, 0x0000020a8e0ed190]
Event: 834.126 Thread 0x0000020ae3149d10 11069       3       java.net.URI::normalize (65 bytes)
Event: 834.126 Thread 0x0000020ae31279f0 11070       4       org.eclipse.jdt.internal.core.util.MementoTokenizer::nextToken (647 bytes)
Event: 834.126 Thread 0x0000020ae3149d10 nmethod 11069 0x0000020a8e0ed290 code [0x0000020a8e0ed500, 0x0000020a8e0edb58]
Event: 834.127 Thread 0x0000020ae3149d10 11071       3       org.eclipse.jdt.core.dom.ASTVisitor::endVisit (1 bytes)
Event: 834.127 Thread 0x0000020ae3149d10 nmethod 11071 0x0000020a8e0edd90 code [0x0000020a8e0edf20, 0x0000020a8e0ee028]

GC Heap History (20 events):
Event: 814.803 GC heap before
{Heap before GC invocations=402 (full 3):
 PSYoungGen      total 5632K, used 5616K [0x00000000d5580000, 0x00000000d5d80000, 0x0000000100000000)
  eden space 5120K, 99% used [0x00000000d5580000,0x00000000d5a7fff8,0x00000000d5a80000)
  from space 512K, 96% used [0x00000000d5d00000,0x00000000d5d7c050,0x00000000d5d80000)
  to   space 1024K, 0% used [0x00000000d5b80000,0x00000000d5b80000,0x00000000d5c80000)
 ParOldGen       total 523264K, used 522791K [0x0000000080000000, 0x000000009ff00000, 0x00000000d5580000)
  object space 523264K, 99% used [0x0000000080000000,0x000000009fe89ef0,0x000000009ff00000)
 Metaspace       used 69142K, committed 70528K, reserved 1114112K
  class space    used 7485K, committed 8064K, reserved 1048576K
}
Event: 814.809 GC heap after
{Heap after GC invocations=402 (full 3):
 PSYoungGen      total 6144K, used 592K [0x00000000d5580000, 0x00000000d5d80000, 0x0000000100000000)
  eden space 5120K, 0% used [0x00000000d5580000,0x00000000d5580000,0x00000000d5a80000)
  from space 1024K, 57% used [0x00000000d5b80000,0x00000000d5c14030,0x00000000d5c80000)
  to   space 1024K, 0% used [0x00000000d5c80000,0x00000000d5c80000,0x00000000d5d80000)
 ParOldGen       total 523264K, used 523084K [0x0000000080000000, 0x000000009ff00000, 0x00000000d5580000)
  object space 523264K, 99% used [0x0000000080000000,0x000000009fed33b0,0x000000009ff00000)
 Metaspace       used 69142K, committed 70528K, reserved 1114112K
  class space    used 7485K, committed 8064K, reserved 1048576K
}
Event: 815.289 GC heap before
{Heap before GC invocations=403 (full 3):
 PSYoungGen      total 6144K, used 5709K [0x00000000d5580000, 0x00000000d5d80000, 0x0000000100000000)
  eden space 5120K, 99% used [0x00000000d5580000,0x00000000d5a7f438,0x00000000d5a80000)
  from space 1024K, 57% used [0x00000000d5b80000,0x00000000d5c14030,0x00000000d5c80000)
  to   space 1024K, 0% used [0x00000000d5c80000,0x00000000d5c80000,0x00000000d5d80000)
 ParOldGen       total 523264K, used 523084K [0x0000000080000000, 0x000000009ff00000, 0x00000000d5580000)
  object space 523264K, 99% used [0x0000000080000000,0x000000009fed33b0,0x000000009ff00000)
 Metaspace       used 69348K, committed 70720K, reserved 1114112K
  class space    used 7500K, committed 8064K, reserved 1048576K
}
Event: 815.299 GC heap after
{Heap after GC invocations=403 (full 3):
 PSYoungGen      total 5632K, used 448K [0x00000000d5580000, 0x00000000d5d00000, 0x0000000100000000)
  eden space 5120K, 0% used [0x00000000d5580000,0x00000000d5580000,0x00000000d5a80000)
  from space 512K, 87% used [0x00000000d5c80000,0x00000000d5cf0000,0x00000000d5d00000)
  to   space 1024K, 0% used [0x00000000d5b00000,0x00000000d5b00000,0x00000000d5c00000)
 ParOldGen       total 523776K, used 523380K [0x0000000080000000, 0x000000009ff80000, 0x00000000d5580000)
  object space 523776K, 99% used [0x0000000080000000,0x000000009ff1d3d0,0x000000009ff80000)
 Metaspace       used 69348K, committed 70720K, reserved 1114112K
  class space    used 7500K, committed 8064K, reserved 1048576K
}
Event: 815.414 GC heap before
{Heap before GC invocations=404 (full 3):
 PSYoungGen      total 5632K, used 5564K [0x00000000d5580000, 0x00000000d5d00000, 0x0000000100000000)
  eden space 5120K, 99% used [0x00000000d5580000,0x00000000d5a7f250,0x00000000d5a80000)
  from space 512K, 87% used [0x00000000d5c80000,0x00000000d5cf0000,0x00000000d5d00000)
  to   space 1024K, 0% used [0x00000000d5b00000,0x00000000d5b00000,0x00000000d5c00000)
 ParOldGen       total 523776K, used 523380K [0x0000000080000000, 0x000000009ff80000, 0x00000000d5580000)
  object space 523776K, 99% used [0x0000000080000000,0x000000009ff1d3d0,0x000000009ff80000)
 Metaspace       used 69475K, committed 70912K, reserved 1114112K
  class space    used 7508K, committed 8128K, reserved 1048576K
}
Event: 815.419 GC heap after
{Heap after GC invocations=404 (full 3):
 PSYoungGen      total 6144K, used 576K [0x00000000d5580000, 0x00000000d5d00000, 0x0000000100000000)
  eden space 5120K, 0% used [0x00000000d5580000,0x00000000d5580000,0x00000000d5a80000)
  from space 1024K, 56% used [0x00000000d5b00000,0x00000000d5b90020,0x00000000d5c00000)
  to   space 1024K, 0% used [0x00000000d5c00000,0x00000000d5c00000,0x00000000d5d00000)
 ParOldGen       total 524800K, used 524288K [0x0000000080000000, 0x00000000a0080000, 0x00000000d5580000)
  object space 524800K, 99% used [0x0000000080000000,0x00000000a0000330,0x00000000a0080000)
 Metaspace       used 69475K, committed 70912K, reserved 1114112K
  class space    used 7508K, committed 8128K, reserved 1048576K
}
Event: 815.649 GC heap before
{Heap before GC invocations=405 (full 3):
 PSYoungGen      total 6144K, used 5696K [0x00000000d5580000, 0x00000000d5d00000, 0x0000000100000000)
  eden space 5120K, 100% used [0x00000000d5580000,0x00000000d5a80000,0x00000000d5a80000)
  from space 1024K, 56% used [0x00000000d5b00000,0x00000000d5b90020,0x00000000d5c00000)
  to   space 1024K, 0% used [0x00000000d5c00000,0x00000000d5c00000,0x00000000d5d00000)
 ParOldGen       total 524800K, used 524288K [0x0000000080000000, 0x00000000a0080000, 0x00000000d5580000)
  object space 524800K, 99% used [0x0000000080000000,0x00000000a0000330,0x00000000a0080000)
 Metaspace       used 69624K, committed 71168K, reserved 1114112K
  class space    used 7518K, committed 8128K, reserved 1048576K
}
Event: 815.655 GC heap after
{Heap after GC invocations=405 (full 3):
 PSYoungGen      total 5632K, used 448K [0x00000000d5580000, 0x00000000d5c80000, 0x0000000100000000)
  eden space 5120K, 0% used [0x00000000d5580000,0x00000000d5580000,0x00000000d5a80000)
  from space 512K, 87% used [0x00000000d5c00000,0x00000000d5c70000,0x00000000d5c80000)
  to   space 512K, 0% used [0x00000000d5b80000,0x00000000d5b80000,0x00000000d5c00000)
 ParOldGen       total 524800K, used 524624K [0x0000000080000000, 0x00000000a0080000, 0x00000000d5580000)
  object space 524800K, 99% used [0x0000000080000000,0x00000000a0054350,0x00000000a0080000)
 Metaspace       used 69624K, committed 71168K, reserved 1114112K
  class space    used 7518K, committed 8128K, reserved 1048576K
}
Event: 816.491 GC heap before
{Heap before GC invocations=406 (full 3):
 PSYoungGen      total 5632K, used 5568K [0x00000000d5580000, 0x00000000d5c80000, 0x0000000100000000)
  eden space 5120K, 100% used [0x00000000d5580000,0x00000000d5a80000,0x00000000d5a80000)
  from space 512K, 87% used [0x00000000d5c00000,0x00000000d5c70000,0x00000000d5c80000)
  to   space 512K, 0% used [0x00000000d5b80000,0x00000000d5b80000,0x00000000d5c00000)
 ParOldGen       total 524800K, used 524624K [0x0000000080000000, 0x00000000a0080000, 0x00000000d5580000)
  object space 524800K, 99% used [0x0000000080000000,0x00000000a0054350,0x00000000a0080000)
 Metaspace       used 69666K, committed 71168K, reserved 1114112K
  class space    used 7519K, committed 8128K, reserved 1048576K
}
Event: 816.495 GC heap after
{Heap after GC invocations=406 (full 3):
 PSYoungGen      total 5632K, used 384K [0x00000000d5580000, 0x00000000d5c80000, 0x0000000100000000)
  eden space 5120K, 0% used [0x00000000d5580000,0x00000000d5580000,0x00000000d5a80000)
  from space 512K, 75% used [0x00000000d5b80000,0x00000000d5be0020,0x00000000d5c00000)
  to   space 512K, 0% used [0x00000000d5c00000,0x00000000d5c00000,0x00000000d5c80000)
 ParOldGen       total 524800K, used 524777K [0x0000000080000000, 0x00000000a0080000, 0x00000000d5580000)
  object space 524800K, 99% used [0x0000000080000000,0x00000000a007a648,0x00000000a0080000)
 Metaspace       used 69666K, committed 71168K, reserved 1114112K
  class space    used 7519K, committed 8128K, reserved 1048576K
}
Event: 818.169 GC heap before
{Heap before GC invocations=407 (full 3):
 PSYoungGen      total 5632K, used 5497K [0x00000000d5580000, 0x00000000d5c80000, 0x0000000100000000)
  eden space 5120K, 99% used [0x00000000d5580000,0x00000000d5a7e608,0x00000000d5a80000)
  from space 512K, 75% used [0x00000000d5b80000,0x00000000d5be0020,0x00000000d5c00000)
  to   space 512K, 0% used [0x00000000d5c00000,0x00000000d5c00000,0x00000000d5c80000)
 ParOldGen       total 524800K, used 524777K [0x0000000080000000, 0x00000000a0080000, 0x00000000d5580000)
  object space 524800K, 99% used [0x0000000080000000,0x00000000a007a648,0x00000000a0080000)
 Metaspace       used 69726K, committed 71232K, reserved 1114112K
  class space    used 7519K, committed 8128K, reserved 1048576K
}
Event: 818.173 GC heap after
{Heap after GC invocations=407 (full 3):
 PSYoungGen      total 5632K, used 320K [0x00000000d5580000, 0x00000000d5c80000, 0x0000000100000000)
  eden space 5120K, 0% used [0x00000000d5580000,0x00000000d5580000,0x00000000d5a80000)
  from space 512K, 62% used [0x00000000d5c00000,0x00000000d5c50000,0x00000000d5c80000)
  to   space 512K, 0% used [0x00000000d5b80000,0x00000000d5b80000,0x00000000d5c00000)
 ParOldGen       total 525312K, used 524921K [0x0000000080000000, 0x00000000a0100000, 0x00000000d5580000)
  object space 525312K, 99% used [0x0000000080000000,0x00000000a009e678,0x00000000a0100000)
 Metaspace       used 69726K, committed 71232K, reserved 1114112K
  class space    used 7519K, committed 8128K, reserved 1048576K
}
Event: 822.762 GC heap before
{Heap before GC invocations=408 (full 3):
 PSYoungGen      total 5632K, used 5440K [0x00000000d5580000, 0x00000000d5c80000, 0x0000000100000000)
  eden space 5120K, 100% used [0x00000000d5580000,0x00000000d5a80000,0x00000000d5a80000)
  from space 512K, 62% used [0x00000000d5c00000,0x00000000d5c50000,0x00000000d5c80000)
  to   space 512K, 0% used [0x00000000d5b80000,0x00000000d5b80000,0x00000000d5c00000)
 ParOldGen       total 525312K, used 524921K [0x0000000080000000, 0x00000000a0100000, 0x00000000d5580000)
  object space 525312K, 99% used [0x0000000080000000,0x00000000a009e678,0x00000000a0100000)
 Metaspace       used 69968K, committed 71424K, reserved 1114112K
  class space    used 7528K, committed 8128K, reserved 1048576K
}
Event: 822.772 GC heap after
{Heap after GC invocations=408 (full 3):
 PSYoungGen      total 5632K, used 480K [0x00000000d5580000, 0x00000000d5c80000, 0x0000000100000000)
  eden space 5120K, 0% used [0x00000000d5580000,0x00000000d5580000,0x00000000d5a80000)
  from space 512K, 93% used [0x00000000d5b80000,0x00000000d5bf8020,0x00000000d5c00000)
  to   space 512K, 0% used [0x00000000d5c00000,0x00000000d5c00000,0x00000000d5c80000)
 ParOldGen       total 525312K, used 525145K [0x0000000080000000, 0x00000000a0100000, 0x00000000d5580000)
  object space 525312K, 99% used [0x0000000080000000,0x00000000a00d6678,0x00000000a0100000)
 Metaspace       used 69968K, committed 71424K, reserved 1114112K
  class space    used 7528K, committed 8128K, reserved 1048576K
}
Event: 823.174 GC heap before
{Heap before GC invocations=409 (full 3):
 PSYoungGen      total 5632K, used 5599K [0x00000000d5580000, 0x00000000d5c80000, 0x0000000100000000)
  eden space 5120K, 99% used [0x00000000d5580000,0x00000000d5a7fe98,0x00000000d5a80000)
  from space 512K, 93% used [0x00000000d5b80000,0x00000000d5bf8020,0x00000000d5c00000)
  to   space 512K, 0% used [0x00000000d5c00000,0x00000000d5c00000,0x00000000d5c80000)
 ParOldGen       total 525312K, used 525145K [0x0000000080000000, 0x00000000a0100000, 0x00000000d5580000)
  object space 525312K, 99% used [0x0000000080000000,0x00000000a00d6678,0x00000000a0100000)
 Metaspace       used 70285K, committed 71808K, reserved 1114112K
  class space    used 7551K, committed 8192K, reserved 1048576K
}
Event: 823.179 GC heap after
{Heap after GC invocations=409 (full 3):
 PSYoungGen      total 4096K, used 496K [0x00000000d5580000, 0x00000000d6080000, 0x0000000100000000)
  eden space 3584K, 0% used [0x00000000d5580000,0x00000000d5580000,0x00000000d5900000)
  from space 512K, 96% used [0x00000000d5c00000,0x00000000d5c7c010,0x00000000d5c80000)
  to   space 3072K, 0% used [0x00000000d5900000,0x00000000d5900000,0x00000000d5c00000)
 ParOldGen       total 527360K, used 527323K [0x0000000080000000, 0x00000000a0300000, 0x00000000d5580000)
  object space 527360K, 99% used [0x0000000080000000,0x00000000a02f6f18,0x00000000a0300000)
 Metaspace       used 70285K, committed 71808K, reserved 1114112K
  class space    used 7551K, committed 8192K, reserved 1048576K
}
Event: 823.241 GC heap before
{Heap before GC invocations=410 (full 3):
 PSYoungGen      total 4096K, used 4080K [0x00000000d5580000, 0x00000000d6080000, 0x0000000100000000)
  eden space 3584K, 100% used [0x00000000d5580000,0x00000000d5900000,0x00000000d5900000)
  from space 512K, 96% used [0x00000000d5c00000,0x00000000d5c7c010,0x00000000d5c80000)
  to   space 3072K, 0% used [0x00000000d5900000,0x00000000d5900000,0x00000000d5c00000)
 ParOldGen       total 527360K, used 527323K [0x0000000080000000, 0x00000000a0300000, 0x00000000d5580000)
  object space 527360K, 99% used [0x0000000080000000,0x00000000a02f6f18,0x00000000a0300000)
 Metaspace       used 70311K, committed 71808K, reserved 1114112K
  class space    used 7551K, committed 8192K, reserved 1048576K
}
Event: 823.245 GC heap after
{Heap after GC invocations=410 (full 3):
 PSYoungGen      total 4608K, used 719K [0x00000000d5580000, 0x00000000d5c80000, 0x0000000100000000)
  eden space 3584K, 0% used [0x00000000d5580000,0x00000000d5580000,0x00000000d5900000)
  from space 1024K, 70% used [0x00000000d5900000,0x00000000d59b3c10,0x00000000d5a00000)
  to   space 1536K, 0% used [0x00000000d5b00000,0x00000000d5b00000,0x00000000d5c80000)
 ParOldGen       total 527872K, used 527789K [0x0000000080000000, 0x00000000a0380000, 0x00000000d5580000)
  object space 527872K, 99% used [0x0000000080000000,0x00000000a036b7e8,0x00000000a0380000)
 Metaspace       used 70311K, committed 71808K, reserved 1114112K
  class space    used 7551K, committed 8192K, reserved 1048576K
}
Event: 824.284 GC heap before
{Heap before GC invocations=411 (full 3):
 PSYoungGen      total 4608K, used 4303K [0x00000000d5580000, 0x00000000d5c80000, 0x0000000100000000)
  eden space 3584K, 100% used [0x00000000d5580000,0x00000000d5900000,0x00000000d5900000)
  from space 1024K, 70% used [0x00000000d5900000,0x00000000d59b3c10,0x00000000d5a00000)
  to   space 1536K, 0% used [0x00000000d5b00000,0x00000000d5b00000,0x00000000d5c80000)
 ParOldGen       total 527872K, used 527789K [0x0000000080000000, 0x00000000a0380000, 0x00000000d5580000)
  object space 527872K, 99% used [0x0000000080000000,0x00000000a036b7e8,0x00000000a0380000)
 Metaspace       used 70366K, committed 71872K, reserved 1114112K
  class space    used 7552K, committed 8192K, reserved 1048576K
}
Event: 824.287 GC heap after
{Heap after GC invocations=411 (full 3):
 PSYoungGen      total 4096K, used 288K [0x00000000d5580000, 0x00000000d5b80000, 0x0000000100000000)
  eden space 3584K, 0% used [0x00000000d5580000,0x00000000d5580000,0x00000000d5900000)
  from space 512K, 56% used [0x00000000d5b00000,0x00000000d5b48000,0x00000000d5b80000)
  to   space 1024K, 0% used [0x00000000d5980000,0x00000000d5980000,0x00000000d5a80000)
 ParOldGen       total 528384K, used 528268K [0x0000000080000000, 0x00000000a0400000, 0x00000000d5580000)
  object space 528384K, 99% used [0x0000000080000000,0x00000000a03e33f8,0x00000000a0400000)
 Metaspace       used 70366K, committed 71872K, reserved 1114112K
  class space    used 7552K, committed 8192K, reserved 1048576K
}

Dll operation events (14 events):
Event: 0.025 Loaded shared library c:\Users\loves\.vscode\extensions\redhat.java-1.54.0-win32-x64\jre\21.0.10-win32-x86_64\bin\java.dll
Event: 0.162 Loaded shared library c:\Users\loves\.vscode\extensions\redhat.java-1.54.0-win32-x64\jre\21.0.10-win32-x86_64\bin\zip.dll
Event: 0.195 Loaded shared library C:\Users\loves\.vscode\extensions\redhat.java-1.54.0-win32-x64\jre\21.0.10-win32-x86_64\bin\instrument.dll
Event: 0.206 Loaded shared library C:\Users\loves\.vscode\extensions\redhat.java-1.54.0-win32-x64\jre\21.0.10-win32-x86_64\bin\net.dll
Event: 0.211 Loaded shared library C:\Users\loves\.vscode\extensions\redhat.java-1.54.0-win32-x64\jre\21.0.10-win32-x86_64\bin\nio.dll
Event: 0.219 Loaded shared library C:\Users\loves\.vscode\extensions\redhat.java-1.54.0-win32-x64\jre\21.0.10-win32-x86_64\bin\zip.dll
Event: 0.253 Loaded shared library C:\Users\loves\.vscode\extensions\redhat.java-1.54.0-win32-x64\jre\21.0.10-win32-x86_64\bin\jimage.dll
Event: 0.393 Loaded shared library c:\Users\loves\.vscode\extensions\redhat.java-1.54.0-win32-x64\jre\21.0.10-win32-x86_64\bin\verify.dll
Event: 2.895 Loaded shared library C:\Users\loves\AppData\Roaming\Code\User\globalStorage\redhat.java\1.54.0\config_win\org.eclipse.equinox.launcher\org.eclipse.equinox.launcher.win32.win32.x86_64_1.3.0.v20260203-2149\eclipse_11919.dll
Event: 7.929 Loaded shared library C:\Users\loves\.vscode\extensions\redhat.java-1.54.0-win32-x64\jre\21.0.10-win32-x86_64\bin\management.dll
Event: 7.936 Loaded shared library C:\Users\loves\.vscode\extensions\redhat.java-1.54.0-win32-x64\jre\21.0.10-win32-x86_64\bin\management_ext.dll
Event: 13.290 Loaded shared library C:\Users\loves\AppData\Local\Temp\jna-103163713\jna4099162050083984915.dll
Event: 14.495 Loaded shared library C:\Users\loves\.vscode\extensions\redhat.java-1.54.0-win32-x64\jre\21.0.10-win32-x86_64\bin\sunmscapi.dll
Event: 15.019 Loaded shared library C:\Users\loves\.vscode\extensions\redhat.java-1.54.0-win32-x64\jre\21.0.10-win32-x86_64\bin\extnet.dll

Deoptimization events (20 events):
Event: 823.221 Thread 0x0000020ae9e0c230 DEOPT PACKING pc=0x0000020a8db80ce7 sp=0x0000005ff7afd600
Event: 823.221 Thread 0x0000020ae9e0c230 DEOPT UNPACKING pc=0x0000020a93f34242 sp=0x0000005ff7afcb70 mode 0
Event: 823.229 Thread 0x0000020ae9e0c230 DEOPT PACKING pc=0x0000020a8de07891 sp=0x0000005ff7afd8e0
Event: 823.229 Thread 0x0000020ae9e0c230 DEOPT UNPACKING pc=0x0000020a93f34242 sp=0x0000005ff7afcdf8 mode 0
Event: 824.233 Thread 0x0000020ae8089b20 DEOPT PACKING pc=0x0000020a8daa63ae sp=0x0000005ff4bfdea0
Event: 824.233 Thread 0x0000020ae8089b20 DEOPT UNPACKING pc=0x0000020a93f34242 sp=0x0000005ff4bfd340 mode 0
Event: 824.248 Thread 0x0000020ae8089b20 Uncommon trap: trap_request=0xffffffd6 fr.pc=0x0000020a94d49524 relative=0x00000000000005c4
Event: 824.248 Thread 0x0000020ae8089b20 Uncommon trap: reason=array_check action=maybe_recompile pc=0x0000020a94d49524 method=java.util.TimSort.binarySort([Ljava/lang/Object;IIILjava/util/Comparator;)V @ 193 c2
Event: 824.248 Thread 0x0000020ae8089b20 DEOPT PACKING pc=0x0000020a94d49524 sp=0x0000005ff4bfe250
Event: 824.249 Thread 0x0000020ae8089b20 DEOPT UNPACKING pc=0x0000020a93f33aa2 sp=0x0000005ff4bfe1e8 mode 2
Event: 824.250 Thread 0x0000020ae8089b20 Uncommon trap: trap_request=0xffffffd6 fr.pc=0x0000020a94d49524 relative=0x00000000000005c4
Event: 824.250 Thread 0x0000020ae8089b20 Uncommon trap: reason=array_check action=maybe_recompile pc=0x0000020a94d49524 method=java.util.TimSort.binarySort([Ljava/lang/Object;IIILjava/util/Comparator;)V @ 193 c2
Event: 824.250 Thread 0x0000020ae8089b20 DEOPT PACKING pc=0x0000020a94d49524 sp=0x0000005ff4bfdea0
Event: 824.250 Thread 0x0000020ae8089b20 DEOPT UNPACKING pc=0x0000020a93f33aa2 sp=0x0000005ff4bfde38 mode 2
Event: 824.251 Thread 0x0000020ae8089b20 Uncommon trap: trap_request=0xffffffd6 fr.pc=0x0000020a94a93db0 relative=0x0000000000000450
Event: 824.251 Thread 0x0000020ae8089b20 Uncommon trap: reason=array_check action=maybe_recompile pc=0x0000020a94a93db0 method=java.util.TimSort.binarySort([Ljava/lang/Object;IIILjava/util/Comparator;)V @ 215 c2
Event: 824.251 Thread 0x0000020ae8089b20 DEOPT PACKING pc=0x0000020a94a93db0 sp=0x0000005ff4bfe110
Event: 824.251 Thread 0x0000020ae8089b20 DEOPT UNPACKING pc=0x0000020a93f33aa2 sp=0x0000005ff4bfe0a8 mode 2
Event: 824.997 Thread 0x0000020ae9e0c230 DEOPT PACKING pc=0x0000020a8ce03401 sp=0x0000005ff7afe0b0
Event: 824.997 Thread 0x0000020ae9e0c230 DEOPT UNPACKING pc=0x0000020a93f34242 sp=0x0000005ff7afd5d0 mode 0

Classes loaded (20 events):
Event: 31.536 Loading class java/lang/Throwable$WrappedPrintWriter
Event: 31.537 Loading class java/lang/Throwable$PrintStreamOrWriter
Event: 31.537 Loading class java/lang/Throwable$PrintStreamOrWriter done
Event: 31.537 Loading class java/lang/Throwable$WrappedPrintWriter done
Event: 49.591 Loading class jdk/internal/event/SecurityPropertyModificationEvent
Event: 49.595 Loading class jdk/internal/event/SecurityPropertyModificationEvent done
Event: 49.814 Loading class java/util/zip/CheckedInputStream
Event: 49.818 Loading class java/util/zip/CheckedInputStream done
Event: 49.929 Loading class javax/xml/transform/TransformerConfigurationException
Event: 49.931 Loading class javax/xml/transform/TransformerConfigurationException done
Event: 50.050 Loading class java/util/zip/GZIPInputStream$1
Event: 50.050 Loading class java/util/zip/GZIPInputStream$1 done
Event: 813.108 Loading class java/nio/file/FileTreeIterator
Event: 813.126 Loading class java/nio/file/FileTreeIterator done
Event: 813.701 Loading class java/util/stream/DistinctOps
Event: 813.706 Loading class java/util/stream/DistinctOps done
Event: 813.706 Loading class java/util/stream/DistinctOps$1
Event: 813.723 Loading class java/util/stream/DistinctOps$1 done
Event: 813.956 Loading class java/util/stream/DistinctOps$1$2
Event: 813.959 Loading class java/util/stream/DistinctOps$1$2 done

Classes unloaded (18 events):
Event: 10.414 Thread 0x0000020a89743b20 Unloading class 0x0000020aa21a8c00 'java/lang/invoke/LambdaForm$MH+0x0000020aa21a8c00'
Event: 10.414 Thread 0x0000020a89743b20 Unloading class 0x0000020aa21a8800 'java/lang/invoke/LambdaForm$MH+0x0000020aa21a8800'
Event: 10.414 Thread 0x0000020a89743b20 Unloading class 0x0000020aa21a8400 'java/lang/invoke/LambdaForm$MH+0x0000020aa21a8400'
Event: 10.414 Thread 0x0000020a89743b20 Unloading class 0x0000020aa21a8000 'java/lang/invoke/LambdaForm$MH+0x0000020aa21a8000'
Event: 10.414 Thread 0x0000020a89743b20 Unloading class 0x0000020aa21a7c00 'java/lang/invoke/LambdaForm$BMH+0x0000020aa21a7c00'
Event: 10.414 Thread 0x0000020a89743b20 Unloading class 0x0000020aa21a7800 'java/lang/invoke/LambdaForm$DMH+0x0000020aa21a7800'
Event: 10.414 Thread 0x0000020a89743b20 Unloading class 0x0000020aa21a6400 'java/lang/invoke/LambdaForm$DMH+0x0000020aa21a6400'
Event: 14.003 Thread 0x0000020a89743b20 Unloading class 0x0000020aa22e7400 'java/lang/invoke/LambdaForm$MH+0x0000020aa22e7400'
Event: 14.003 Thread 0x0000020a89743b20 Unloading class 0x0000020aa22e6800 'java/lang/invoke/LambdaForm$MH+0x0000020aa22e6800'
Event: 14.003 Thread 0x0000020a89743b20 Unloading class 0x0000020aa22e6000 'java/lang/invoke/LambdaForm$MH+0x0000020aa22e6000'
Event: 14.003 Thread 0x0000020a89743b20 Unloading class 0x0000020aa22e5c00 'java/lang/invoke/LambdaForm$DMH+0x0000020aa22e5c00'
Event: 14.003 Thread 0x0000020a89743b20 Unloading class 0x0000020aa22e1c00 'java/lang/invoke/LambdaForm$MH+0x0000020aa22e1c00'
Event: 14.003 Thread 0x0000020a89743b20 Unloading class 0x0000020aa22e1000 'java/lang/invoke/LambdaForm$MH+0x0000020aa22e1000'
Event: 14.003 Thread 0x0000020a89743b20 Unloading class 0x0000020aa22e0400 'java/lang/invoke/LambdaForm$MH+0x0000020aa22e0400'
Event: 14.003 Thread 0x0000020a89743b20 Unloading class 0x0000020aa22db800 'java/lang/invoke/LambdaForm$MH+0x0000020aa22db800'
Event: 14.003 Thread 0x0000020a89743b20 Unloading class 0x0000020aa22db000 'java/lang/invoke/LambdaForm$MH+0x0000020aa22db000'
Event: 14.003 Thread 0x0000020a89743b20 Unloading class 0x0000020aa22dac00 'java/lang/invoke/LambdaForm$MH+0x0000020aa22dac00'
Event: 14.003 Thread 0x0000020a89743b20 Unloading class 0x0000020aa22da400 'java/lang/invoke/LambdaForm$DMH+0x0000020aa22da400'

Classes redefined (0 events):
No events

Internal exceptions (20 events):
Event: 49.718 Thread 0x0000020af5779570 Exception <a 'java/lang/NoSuchMethodError'{0x00000000d564d070}: 'java.lang.Object java.lang.invoke.DirectMethodHandle$Holder.invokeStaticInit(java.lang.Object, java.lang.Object, java.lang.Object)'> (0x00000000d564d070) 
thrown [s\src\hotspot\share\interpreter\linkResolver.cpp, line 773]
Event: 49.993 Thread 0x0000020af57781c0 Implicit null exception at 0x0000020a94b32153 to 0x0000020a94b32328
Event: 114.484 Thread 0x0000020aebd62eb0 Exception <a 'java/lang/IncompatibleClassChangeError'{0x00000000d57c6d68}: Found class java.lang.Object, but interface was expected> (0x00000000d57c6d68) 
thrown [s\src\hotspot\share\interpreter\linkResolver.cpp, line 840]
Event: 122.965 Thread 0x0000020aebd62eb0 Exception <a 'java/lang/IncompatibleClassChangeError'{0x00000000d586bd48}: Found class java.lang.Object, but interface was expected> (0x00000000d586bd48) 
thrown [s\src\hotspot\share\interpreter\linkResolver.cpp, line 840]
Event: 813.523 Thread 0x0000020aebd62eb0 Exception <a 'java/lang/IncompatibleClassChangeError'{0x00000000d56ee7e0}: Found class java.lang.Object, but interface was expected> (0x00000000d56ee7e0) 
thrown [s\src\hotspot\share\interpreter\linkResolver.cpp, line 840]
Event: 813.698 Thread 0x0000020ae808b560 Exception <a 'java/lang/NoSuchMethodError'{0x00000000d57e4a08}: 'java.lang.Object java.lang.invoke.DirectMethodHandle$Holder.invokeSpecial(java.lang.Object, java.lang.Object, java.lang.Object, java.lang.Object, int, java.lang.Object, java.lang.Object)'> (0x00000000d57e4a08) 
thrown [s\src\hotspot\share\interpreter\linkResolver.cpp, line 773]
Event: 814.071 Thread 0x0000020ae808a1b0 Exception <a 'sun/nio/fs/WindowsException'{0x00000000d56bfa40}> (0x00000000d56bfa40) 
thrown [s\src\hotspot\share\prims\jni.cpp, line 520]
Event: 814.112 Thread 0x0000020ae808a1b0 Exception <a 'sun/nio/fs/WindowsException'{0x00000000d56f0d28}> (0x00000000d56f0d28) 
thrown [s\src\hotspot\share\prims\jni.cpp, line 520]
Event: 814.790 Thread 0x0000020ae808a1b0 Exception <a 'sun/nio/fs/WindowsException'{0x00000000d5a3fd80}> (0x00000000d5a3fd80) 
thrown [s\src\hotspot\share\prims\jni.cpp, line 520]
Event: 814.791 Thread 0x0000020ae808a1b0 Exception <a 'sun/nio/fs/WindowsException'{0x00000000d5a403b0}> (0x00000000d5a403b0) 
thrown [s\src\hotspot\share\prims\jni.cpp, line 520]
Event: 816.010 Thread 0x0000020ae8089490 Exception <a 'sun/nio/fs/WindowsException'{0x00000000d58faef8}> (0x00000000d58faef8) 
thrown [s\src\hotspot\share\prims\jni.cpp, line 520]
Event: 816.143 Thread 0x0000020ae808b560 Exception <a 'sun/nio/fs/WindowsException'{0x00000000d5997b90}> (0x00000000d5997b90) 
thrown [s\src\hotspot\share\prims\jni.cpp, line 520]
Event: 816.143 Thread 0x0000020ae808b560 Exception <a 'sun/nio/fs/WindowsException'{0x00000000d59986e0}> (0x00000000d59986e0) 
thrown [s\src\hotspot\share\prims\jni.cpp, line 520]
Event: 816.145 Thread 0x0000020ae808b560 Exception <a 'sun/nio/fs/WindowsException'{0x00000000d59995f8}> (0x00000000d59995f8) 
thrown [s\src\hotspot\share\prims\jni.cpp, line 520]
Event: 816.145 Thread 0x0000020ae808b560 Exception <a 'sun/nio/fs/WindowsException'{0x00000000d5999ed8}> (0x00000000d5999ed8) 
thrown [s\src\hotspot\share\prims\jni.cpp, line 520]
Event: 816.151 Thread 0x0000020ae808b560 Exception <a 'sun/nio/fs/WindowsException'{0x00000000d599b728}> (0x00000000d599b728) 
thrown [s\src\hotspot\share\prims\jni.cpp, line 520]
Event: 816.151 Thread 0x0000020ae808b560 Exception <a 'sun/nio/fs/WindowsException'{0x00000000d599c268}> (0x00000000d599c268) 
thrown [s\src\hotspot\share\prims\jni.cpp, line 520]
Event: 816.152 Thread 0x0000020ae808b560 Exception <a 'sun/nio/fs/WindowsException'{0x00000000d599d158}> (0x00000000d599d158) 
thrown [s\src\hotspot\share\prims\jni.cpp, line 520]
Event: 816.152 Thread 0x0000020ae808b560 Exception <a 'sun/nio/fs/WindowsException'{0x00000000d599d788}> (0x00000000d599d788) 
thrown [s\src\hotspot\share\prims\jni.cpp, line 520]
Event: 822.959 Thread 0x0000020ae9e0c230 Implicit null exception at 0x0000020a94c7430a to 0x0000020a94c76e08

ZGC Phase Switch (0 events):
No events

VM Operations (20 events):
Event: 821.203 Executing safepoint VM operation: Cleanup
Event: 821.203 Executing safepoint VM operation: Cleanup done
Event: 822.216 Executing safepoint VM operation: Cleanup
Event: 822.217 Executing safepoint VM operation: Cleanup done
Event: 822.762 Executing safepoint VM operation: ParallelGCFailedAllocation (Allocation Failure)
Event: 822.772 Executing safepoint VM operation: ParallelGCFailedAllocation (Allocation Failure) done
Event: 823.173 Executing safepoint VM operation: ParallelGCFailedAllocation (Allocation Failure)
Event: 823.179 Executing safepoint VM operation: ParallelGCFailedAllocation (Allocation Failure) done
Event: 823.241 Executing safepoint VM operation: ParallelGCFailedAllocation (Allocation Failure)
Event: 823.246 Executing safepoint VM operation: ParallelGCFailedAllocation (Allocation Failure) done
Event: 824.268 Executing safepoint VM operation: ParallelGCFailedAllocation (Allocation Failure)
Event: 824.287 Executing safepoint VM operation: ParallelGCFailedAllocation (Allocation Failure) done
Event: 824.394 Executing non-safepoint VM operation: HandshakeAllThreads (Deoptimize)
Event: 824.394 Executing non-safepoint VM operation: HandshakeAllThreads (Deoptimize) done
Event: 825.395 Executing safepoint VM operation: Cleanup
Event: 825.395 Executing safepoint VM operation: Cleanup done
Event: 826.399 Executing safepoint VM operation: Cleanup
Event: 826.399 Executing safepoint VM operation: Cleanup done
Event: 828.427 Executing safepoint VM operation: Cleanup
Event: 828.427 Executing safepoint VM operation: Cleanup done

Memory protections (0 events):
No events

Nmethod flushes (20 events):
Event: 26.867 Thread 0x0000020a89743b20 flushing  nmethod 0x0000020a8d24a210
Event: 26.867 Thread 0x0000020a89743b20 flushing  nmethod 0x0000020a8d250310
Event: 26.867 Thread 0x0000020a89743b20 flushing  nmethod 0x0000020a8d252790
Event: 26.867 Thread 0x0000020a89743b20 flushing  nmethod 0x0000020a8d252b90
Event: 26.867 Thread 0x0000020a89743b20 flushing  nmethod 0x0000020a8d253510
Event: 26.867 Thread 0x0000020a89743b20 flushing  nmethod 0x0000020a8d263a90
Event: 26.867 Thread 0x0000020a89743b20 flushing  nmethod 0x0000020a8d279510
Event: 26.867 Thread 0x0000020a89743b20 flushing  nmethod 0x0000020a8d27ab10
Event: 26.867 Thread 0x0000020a89743b20 flushing  nmethod 0x0000020a8d27bf90
Event: 26.867 Thread 0x0000020a89743b20 flushing  nmethod 0x0000020a8d27c390
Event: 26.867 Thread 0x0000020a89743b20 flushing  nmethod 0x0000020a8d283290
Event: 26.867 Thread 0x0000020a89743b20 flushing  nmethod 0x0000020a8d284710
Event: 26.867 Thread 0x0000020a89743b20 flushing  nmethod 0x0000020a8d286310
Event: 26.867 Thread 0x0000020a89743b20 flushing  nmethod 0x0000020a8d287890
Event: 26.867 Thread 0x0000020a89743b20 flushing  nmethod 0x0000020a8d287d10
Event: 26.867 Thread 0x0000020a89743b20 flushing  nmethod 0x0000020a8d28e210
Event: 26.867 Thread 0x0000020a89743b20 flushing  nmethod 0x0000020a8d28e690
Event: 26.867 Thread 0x0000020a89743b20 flushing  nmethod 0x0000020a8d2c1e10
Event: 26.867 Thread 0x0000020a89743b20 flushing  nmethod 0x0000020a8d2e5b10
Event: 26.867 Thread 0x0000020a89743b20 flushing  nmethod 0x0000020a8d2f1610

Events (20 events):
Event: 814.338 Thread 0x0000020aea152990 Thread exited: 0x0000020aea152990
Event: 814.360 Thread 0x0000020ae808a1b0 Thread added: 0x0000020af57781c0
Event: 814.380 Thread 0x0000020ae808a1b0 Thread added: 0x0000020ae9e07a00
Event: 814.410 Thread 0x0000020ae808a1b0 Thread added: 0x0000020ae9e06650
Event: 814.433 Thread 0x0000020ae808a1b0 Thread added: 0x0000020ae9e0a160
Event: 814.445 Thread 0x0000020ae808a1b0 Thread added: 0x0000020ae9e08090
Event: 814.447 Thread 0x0000020ae808a1b0 Thread added: 0x0000020ae9e08720
Event: 814.459 Thread 0x0000020ae808a1b0 Thread added: 0x0000020ae9e08db0
Event: 814.471 Thread 0x0000020ae808a1b0 Thread added: 0x0000020ae9e0a7f0
Event: 814.673 Thread 0x0000020ae808a1b0 Thread added: 0x0000020ae9e07370
Event: 814.745 Thread 0x0000020ae808a1b0 Thread added: 0x0000020ae9e0bba0
Event: 815.200 Thread 0x0000020ae8089b20 Thread added: 0x0000020ae9e0ae80
Event: 815.330 Thread 0x0000020aebd62eb0 Thread added: 0x0000020ae9e0b510
Event: 816.052 Thread 0x0000020aebd62eb0 Thread added: 0x0000020ae9e0c8c0
Event: 821.248 Thread 0x0000020aebd62eb0 Thread added: 0x0000020ae9e0c230
Event: 821.646 Thread 0x0000020aebd62eb0 Thread added: 0x0000020ae9e0cf50
Event: 823.188 Thread 0x0000020ae3149d10 Thread added: 0x0000020aea1522c0
Event: 823.725 Thread 0x0000020aea1522c0 Thread exited: 0x0000020aea1522c0
Event: 824.266 Thread 0x0000020ae3149d10 Thread added: 0x0000020aea152990
Event: 824.910 Thread 0x0000020aea152990 Thread exited: 0x0000020aea152990


Dynamic libraries:
0x00007ff6ad5b0000 - 0x00007ff6ad5be000 	c:\Users\loves\.vscode\extensions\redhat.java-1.54.0-win32-x64\jre\21.0.10-win32-x86_64\bin\java.exe
0x00007ff9e1540000 - 0x00007ff9e17a7000 	C:\WINDOWS\SYSTEM32\ntdll.dll
0x00007ff9dfe80000 - 0x00007ff9dff49000 	C:\WINDOWS\System32\KERNEL32.DLL
0x00007ff9deb40000 - 0x00007ff9def37000 	C:\WINDOWS\System32\KERNELBASE.dll
0x00007ff9defd0000 - 0x00007ff9df11b000 	C:\WINDOWS\System32\ucrtbase.dll
0x00007ff9c42f0000 - 0x00007ff9c430e000 	c:\Users\loves\.vscode\extensions\redhat.java-1.54.0-win32-x64\jre\21.0.10-win32-x86_64\bin\VCRUNTIME140.dll
0x00007ff9a35d0000 - 0x00007ff9a35e8000 	c:\Users\loves\.vscode\extensions\redhat.java-1.54.0-win32-x64\jre\21.0.10-win32-x86_64\bin\jli.dll
0x00007ff9dfc00000 - 0x00007ff9dfdc6000 	C:\WINDOWS\System32\USER32.dll
0x00007ff9bf570000 - 0x00007ff9bf802000 	C:\WINDOWS\WinSxS\amd64_microsoft.windows.common-controls_6595b64144ccf1df_6.0.26100.8457_none_3e0b2faee331e92d\COMCTL32.dll
0x00007ff9df120000 - 0x00007ff9df147000 	C:\WINDOWS\System32\win32u.dll
0x00007ff9dfdd0000 - 0x00007ff9dfe79000 	C:\WINDOWS\System32\msvcrt.dll
0x00007ff9dff50000 - 0x00007ff9dff7b000 	C:\WINDOWS\System32\GDI32.dll
0x00007ff9de1a0000 - 0x00007ff9de2cc000 	C:\WINDOWS\System32\gdi32full.dll
0x00007ff9df150000 - 0x00007ff9df1f3000 	C:\WINDOWS\System32\msvcp_win.dll
0x00007ff9e0680000 - 0x00007ff9e06b2000 	C:\WINDOWS\System32\IMM32.DLL
0x00007ff9c42e0000 - 0x00007ff9c42ec000 	c:\Users\loves\.vscode\extensions\redhat.java-1.54.0-win32-x64\jre\21.0.10-win32-x86_64\bin\vcruntime140_1.dll
0x00007ff9570d0000 - 0x00007ff95715d000 	c:\Users\loves\.vscode\extensions\redhat.java-1.54.0-win32-x64\jre\21.0.10-win32-x86_64\bin\msvcp140.dll
0x00007ff91fab0000 - 0x00007ff920851000 	c:\Users\loves\.vscode\extensions\redhat.java-1.54.0-win32-x64\jre\21.0.10-win32-x86_64\bin\server\jvm.dll
0x00007ff9e0200000 - 0x00007ff9e02b6000 	C:\WINDOWS\System32\ADVAPI32.dll
0x00007ff9e0120000 - 0x00007ff9e01c7000 	C:\WINDOWS\System32\sechost.dll
0x00007ff9e02c0000 - 0x00007ff9e03d8000 	C:\WINDOWS\System32\RPCRT4.dll
0x00007ff9df8c0000 - 0x00007ff9df940000 	C:\WINDOWS\System32\WS2_32.dll
0x00007ff9dddc0000 - 0x00007ff9dde1e000 	C:\WINDOWS\SYSTEM32\POWRPROF.dll
0x00007ff9db000000 - 0x00007ff9db036000 	C:\WINDOWS\SYSTEM32\WINMM.dll
0x00007ff9c3570000 - 0x00007ff9c357b000 	C:\WINDOWS\SYSTEM32\VERSION.dll
0x00007ff9ddda0000 - 0x00007ff9dddb4000 	C:\WINDOWS\SYSTEM32\UMPDC.dll
0x00007ff9dcd00000 - 0x00007ff9dcd1b000 	C:\WINDOWS\SYSTEM32\kernel.appcore.dll
0x00007ff9c3de0000 - 0x00007ff9c3dea000 	c:\Users\loves\.vscode\extensions\redhat.java-1.54.0-win32-x64\jre\21.0.10-win32-x86_64\bin\jimage.dll
0x00007ff9dbe80000 - 0x00007ff9dc0c2000 	C:\WINDOWS\SYSTEM32\DBGHELP.DLL
0x00007ff9df530000 - 0x00007ff9df8b3000 	C:\WINDOWS\System32\combase.dll
0x00007ff9df450000 - 0x00007ff9df529000 	C:\WINDOWS\System32\OLEAUT32.dll
0x00007ff9c1df0000 - 0x00007ff9c1e2b000 	C:\WINDOWS\SYSTEM32\dbgcore.DLL
0x00007ff9de0f0000 - 0x00007ff9de198000 	C:\WINDOWS\System32\bcryptPrimitives.dll
0x00007ff9c2e50000 - 0x00007ff9c2e5f000 	c:\Users\loves\.vscode\extensions\redhat.java-1.54.0-win32-x64\jre\21.0.10-win32-x86_64\bin\instrument.dll
0x00007ff9976e0000 - 0x00007ff997700000 	c:\Users\loves\.vscode\extensions\redhat.java-1.54.0-win32-x64\jre\21.0.10-win32-x86_64\bin\java.dll
0x00007ff9e08f0000 - 0x00007ff9e105e000 	C:\WINDOWS\System32\SHELL32.dll
0x00007ff9de2d0000 - 0x00007ff9deb3c000 	C:\WINDOWS\System32\windows.storage.dll
0x00007ff9e0020000 - 0x00007ff9e0116000 	C:\WINDOWS\System32\SHCORE.dll
0x00007ff9dfb30000 - 0x00007ff9dfb96000 	C:\WINDOWS\System32\shlwapi.dll
0x00007ff9dde90000 - 0x00007ff9ddeb9000 	C:\WINDOWS\SYSTEM32\profapi.dll
0x00007ff9976c0000 - 0x00007ff9976d8000 	c:\Users\loves\.vscode\extensions\redhat.java-1.54.0-win32-x64\jre\21.0.10-win32-x86_64\bin\zip.dll
0x00007ff9bcd60000 - 0x00007ff9bcd70000 	C:\Users\loves\.vscode\extensions\redhat.java-1.54.0-win32-x64\jre\21.0.10-win32-x86_64\bin\net.dll
0x00007ff9d4d30000 - 0x00007ff9d4e59000 	C:\WINDOWS\SYSTEM32\WINHTTP.dll
0x00007ff9dd270000 - 0x00007ff9dd2dc000 	C:\WINDOWS\system32\mswsock.dll
0x00007ff997550000 - 0x00007ff997566000 	C:\Users\loves\.vscode\extensions\redhat.java-1.54.0-win32-x64\jre\21.0.10-win32-x86_64\bin\nio.dll
0x00007ff9b9ad0000 - 0x00007ff9b9ae0000 	c:\Users\loves\.vscode\extensions\redhat.java-1.54.0-win32-x64\jre\21.0.10-win32-x86_64\bin\verify.dll
0x00007ff986a70000 - 0x00007ff986ab5000 	C:\Users\loves\AppData\Roaming\Code\User\globalStorage\redhat.java\1.54.0\config_win\org.eclipse.equinox.launcher\org.eclipse.equinox.launcher.win32.win32.x86_64_1.3.0.v20260203-2149\eclipse_11919.dll
0x00007ff9df990000 - 0x00007ff9dfb27000 	C:\WINDOWS\System32\ole32.dll
0x00007ff9b9790000 - 0x00007ff9b979a000 	C:\Users\loves\.vscode\extensions\redhat.java-1.54.0-win32-x64\jre\21.0.10-win32-x86_64\bin\management.dll
0x00007ff9b4ed0000 - 0x00007ff9b4edc000 	C:\Users\loves\.vscode\extensions\redhat.java-1.54.0-win32-x64\jre\21.0.10-win32-x86_64\bin\management_ext.dll
0x00007ff9df950000 - 0x00007ff9df958000 	C:\WINDOWS\System32\PSAPI.DLL
0x00007ff9dd550000 - 0x00007ff9dd56b000 	C:\WINDOWS\SYSTEM32\CRYPTSP.dll
0x00007ff9dcc60000 - 0x00007ff9dcc99000 	C:\WINDOWS\system32\rsaenh.dll
0x00007ff9dd320000 - 0x00007ff9dd353000 	C:\WINDOWS\SYSTEM32\USERENV.dll
0x00007ff9dde60000 - 0x00007ff9dde8a000 	C:\WINDOWS\SYSTEM32\bcrypt.dll
0x00007ff9dd570000 - 0x00007ff9dd57c000 	C:\WINDOWS\SYSTEM32\CRYPTBASE.dll
0x00007ff9dc6f0000 - 0x00007ff9dc722000 	C:\WINDOWS\SYSTEM32\IPHLPAPI.DLL
0x00007ff9dff80000 - 0x00007ff9dff8a000 	C:\WINDOWS\System32\NSI.dll
0x00007ff953880000 - 0x00007ff9538c9000 	C:\Users\loves\AppData\Local\Temp\jna-103163713\jna4099162050083984915.dll
0x00007ff9d5090000 - 0x00007ff9d50ad000 	C:\WINDOWS\SYSTEM32\dhcpcsvc6.DLL
0x00007ff9d5060000 - 0x00007ff9d5085000 	C:\WINDOWS\SYSTEM32\dhcpcsvc.DLL
0x00007ff9b1a60000 - 0x00007ff9b1a6e000 	C:\Users\loves\.vscode\extensions\redhat.java-1.54.0-win32-x64\jre\21.0.10-win32-x86_64\bin\sunmscapi.dll
0x00007ff9ddf70000 - 0x00007ff9de0e8000 	C:\WINDOWS\System32\CRYPT32.dll
0x00007ff9dd770000 - 0x00007ff9dd7a0000 	C:\WINDOWS\SYSTEM32\ncrypt.dll
0x00007ff9dd720000 - 0x00007ff9dd75f000 	C:\WINDOWS\SYSTEM32\NTASN1.dll
0x00007ff9dc780000 - 0x00007ff9dc8b2000 	C:\WINDOWS\SYSTEM32\DNSAPI.dll
0x00007ff9cbe30000 - 0x00007ff9cbe3b000 	C:\Windows\System32\rasadhlp.dll
0x00007ff9d77e0000 - 0x00007ff9d7866000 	C:\WINDOWS\System32\fwpuclnt.dll
0x00007ff9a1d90000 - 0x00007ff9a1d99000 	C:\Users\loves\.vscode\extensions\redhat.java-1.54.0-win32-x64\jre\21.0.10-win32-x86_64\bin\extnet.dll

JVMTI agents:
c:\Users\loves\.vscode\extensions\redhat.java-1.54.0-win32-x64\lombok\lombok-1.18.39-4050.jar path:c:\Users\loves\.vscode\extensions\redhat.java-1.54.0-win32-x64\jre\21.0.10-win32-x86_64\bin\instrument.dll, loaded, initialized, instrumentlib options:none

dbghelp: loaded successfully - version: 4.0.5 - missing functions: none
symbol engine: initialized successfully - sym options: 0x614 - pdb path: .;c:\Users\loves\.vscode\extensions\redhat.java-1.54.0-win32-x64\jre\21.0.10-win32-x86_64\bin;C:\WINDOWS\SYSTEM32;C:\WINDOWS\WinSxS\amd64_microsoft.windows.common-controls_6595b64144ccf1df_6.0.26100.8457_none_3e0b2faee331e92d;c:\Users\loves\.vscode\extensions\redhat.java-1.54.0-win32-x64\jre\21.0.10-win32-x86_64\bin\server;C:\Users\loves\AppData\Roaming\Code\User\globalStorage\redhat.java\1.54.0\config_win\org.eclipse.equinox.launcher\org.eclipse.equinox.launcher.win32.win32.x86_64_1.3.0.v20260203-2149;C:\Users\loves\AppData\Local\Temp\jna-103163713

VM Arguments:
jvm_args: --add-modules=ALL-SYSTEM --add-opens=java.base/java.util=ALL-UNNAMED --add-opens=java.base/java.lang=ALL-UNNAMED --add-opens=java.base/sun.nio.fs=ALL-UNNAMED -Declipse.application=org.eclipse.jdt.ls.core.id1 -Dosgi.bundles.defaultStartLevel=4 -Declipse.product=org.eclipse.jdt.ls.core.product -Djava.import.generatesMetadataFilesAtProjectRoot=false -DDetectVMInstallationsJob.disabled=true -Dfile.encoding=utf8 -XX:+UseParallelGC -XX:GCTimeRatio=4 -XX:AdaptiveSizePolicyWeight=90 -Dsun.zip.disableMemoryMapping=true -Xmx2G -Xms100m -Xlog:disable -javaagent:c:\Users\loves\.vscode\extensions\redhat.java-1.54.0-win32-x64\lombok\lombok-1.18.39-4050.jar -XX:+HeapDumpOnOutOfMemoryError -XX:HeapDumpPath=c:\Users\loves\AppData\Roaming\Code\User\workspaceStorage\a9c64d7ad9559b0cbc65faec546d542b\redhat.java -Daether.dependencyCollector.impl=bf 
java_command: c:\Users\loves\.vscode\extensions\redhat.java-1.54.0-win32-x64\server\plugins\org.eclipse.equinox.launcher_1.7.100.v20251111-0406.jar -configuration c:\Users\loves\AppData\Roaming\Code\User\globalStorage\redhat.java\1.54.0\config_win -data c:\Users\loves\AppData\Roaming\Code\User\workspaceStorage\a9c64d7ad9559b0cbc65faec546d542b\redhat.java\jdt_ws --pipe=\\.\pipe\lsp-54c65dd3d1df883ee52165c3f432641f-sock
java_class_path (initial): c:\Users\loves\.vscode\extensions\redhat.java-1.54.0-win32-x64\server\plugins\org.eclipse.equinox.launcher_1.7.100.v20251111-0406.jar
Launcher Type: SUN_STANDARD

[Global flags]
    uintx AdaptiveSizePolicyWeight                 = 90                                        {product} {command line}
     intx CICompilerCount                          = 4                                         {product} {ergonomic}
    uintx GCTimeRatio                              = 4                                         {product} {command line}
     bool HeapDumpOnOutOfMemoryError               = true                                   {manageable} {command line}
    ccstr HeapDumpPath                             = c:\Users\loves\AppData\Roaming\Code\User\workspaceStorage\a9c64d7ad9559b0cbc65faec546d542b\redhat.java         {manageable} {command line}
   size_t InitialHeapSize                          = 104857600                                 {product} {command line}
   size_t MaxHeapSize                              = 2147483648                                {product} {command line}
   size_t MaxNewSize                               = 715653120                                 {product} {ergonomic}
   size_t MinHeapDeltaBytes                        = 524288                                    {product} {ergonomic}
   size_t MinHeapSize                              = 104857600                                 {product} {command line}
   size_t NewSize                                  = 34603008                                  {product} {ergonomic}
    uintx NonNMethodCodeHeapSize                   = 5839372                                {pd product} {ergonomic}
    uintx NonProfiledCodeHeapSize                  = 122909434                              {pd product} {ergonomic}
   size_t OldSize                                  = 70254592                                  {product} {ergonomic}
    uintx ProfiledCodeHeapSize                     = 122909434                              {pd product} {ergonomic}
    uintx ReservedCodeCacheSize                    = 251658240                              {pd product} {ergonomic}
     bool SegmentedCodeCache                       = true                                      {product} {ergonomic}
   size_t SoftMaxHeapSize                          = 2147483648                             {manageable} {ergonomic}
     bool UseCompressedOops                        = true                           {product lp64_product} {ergonomic}
     bool UseLargePagesIndividualAllocation        = false                                  {pd product} {ergonomic}
     bool UseParallelGC                            = true                                      {product} {command line}

Logging:
Log output configuration:
 #0: stdout all=off uptime,level,tags foldmultilines=false
 #1: stderr all=off uptime,level,tags foldmultilines=false

Release file:
JAVA_VERSION="21.0.10" 
MODULES="java.base java.compiler java.datatransfer java.xml java.prefs java.desktop java.instrument java.logging java.management java.security.sasl java.naming java.rmi java.management.rmi java.net.http java.scripting java.security.jgss java.transaction.xa java.sql java.sql.rowset java.xml.crypto java.se java.smartcardio jdk.accessibility jdk.internal.jvmstat jdk.attach jdk.charsets jdk.internal.opt jdk.zipfs jdk.compiler jdk.crypto.ec jdk.crypto.cryptoki jdk.crypto.mscapi jdk.dynalink jdk.internal.ed jdk.editpad jdk.hotspot.agent jdk.httpserver jdk.internal.le jdk.internal.vm.ci jdk.internal.vm.compiler jdk.internal.vm.compiler.management jdk.jartool jdk.javadoc jdk.jcmd jdk.management jdk.management.agent jdk.jconsole jdk.jdeps jdk.jdwp.agent jdk.jdi jdk.jfr jdk.jshell jdk.jsobject jdk.jstatd jdk.localedata jdk.management.jfr jdk.naming.dns jdk.naming.rmi jdk.net jdk.nio.mapmode jdk.random jdk.sctp jdk.security.auth jdk.security.jgss jdk.unsupported jdk.unsupported.desktop jdk.xml.dom" 

Environment Variables:
PATH=C:\Program Files\Common Files\Oracle\Java\javapath;C:\app\loves\product\21c\dbhomeXE\bin;C:\WINDOWS\system32;C:\WINDOWS;C:\WINDOWS\System32\Wbem;C:\WINDOWS\System32\WindowsPowerShell\v1.0\;C:\WINDOWS\System32\OpenSSH\;C:\Program Files\dotnet\;C:\Program Files\Git\cmd;C:\Program Files\nodejs\;C:\Program Files\MongoDB\Server\6.0\bin;C:\Program Files\MySQL\MySQL Shell 8.0\bin\;C:\Users\loves\AppData\Local\Programs\Python\Python312\Scripts\;C:\Users\loves\AppData\Local\Programs\Python\Python312\;C:\Users\loves\AppData\Local\Programs\Python\Launcher\;C:\Users\loves\AppData\Local\Microsoft\WindowsApps;C:\Users\loves\AppData\Local\Programs\Microsoft VS Code\bin;C:\Program Files\JetBrains\IntelliJ IDEA 2024.2.1\bin;C:\Users\loves\AppData\Roaming\npm;C:\Program Files\nodejs\node_modules\npm\bin
USERNAME=loves
OS=Windows_NT
PROCESSOR_IDENTIFIER=Intel64 Family 6 Model 154 Stepping 4, GenuineIntel
TMP=C:\Users\loves\AppData\Local\Temp
TEMP=C:\Users\loves\AppData\Local\Temp




Periodic native trim disabled

---------------  S Y S T E M  ---------------

OS:
 Windows 11 , 64 bit Build 26100 (10.0.26100.8328)
OS uptime: 0 days 1:05 hours
Hyper-V role detected

CPU: total 12 (initial active 12) (6 cores per cpu, 2 threads per core) family 6 model 154 stepping 4 microcode 0x43b, cx8, cmov, fxsr, ht, mmx, 3dnowpref, sse, sse2, sse3, ssse3, sse4.1, sse4.2, popcnt, lzcnt, tsc, tscinvbit, avx, avx2, aes, erms, clmul, bmi1, bmi2, adx, sha, fma, vzeroupper, clflush, clflushopt, clwb, hv, serialize, rdtscp, rdpid, fsrm, f16c, cet_ibt, cet_ss
Processor Information for the first 12 processors :
  Max Mhz: 1300, Current Mhz: 1300, Mhz Limit: 1300

Memory: 4k page, system-wide physical 7876M (1163M free)
TotalPageFile size 17455M (AvailPageFile size 0M)
current process WorkingSet (physical memory assigned to process): 168M, peak: 646M
current process commit charge ("private bytes"): 800M, peak: 838M

vm_info: OpenJDK 64-Bit Server VM (21.0.10+7-LTS) for windows-amd64 JRE (21.0.10+7-LTS), built on 2026-01-20T00:00:00Z by "admin" with MS VC++ 17.12 (VS2022)

END.
